<?xml version="1.0" encoding="UTF-8"?>
<!-- Generated by org.testng.reporters.JUnitReportReporter -->
<testsuite hostname="Crow.local" name="hub.test.AdminCartCountRestrictionTest" tests="4" failures="0" timestamp="15 Jan 2014 09:25:01 GMT" time="53.586" errors="0">
  <testcase name="testAdminCartCountRestriction" time="1.044" classname="hub.test.AdminCartCountRestrictionTest"/>
  <testcase name="testAdminCartCountRestriction" time="0.471" classname="hub.test.AdminCartCountRestrictionTest"/>
  <testcase name="testAdminCartCountRestriction" time="0.639" classname="hub.test.AdminCartCountRestrictionTest"/>
  <testcase name="testAdminCartCountRestriction" time="51.432" classname="hub.test.AdminCartCountRestrictionTest"/>
</testsuite> <!-- hub.test.AdminCartCountRestrictionTest -->
