<?xml version="1.0" encoding="UTF-8"?>
<!-- Generated by org.testng.reporters.JUnitReportReporter -->
<testsuite hostname="Skylark.local" name="hub.test.RegressionSuite.AdminAVMSource" tests="8" failures="0" timestamp="29 Jul 2014 06:28:28 GMT" time="150.555" errors="0">
  <testcase name="RT_Channel_Property_Address_Navgation" time="0.036" classname="hub.test.RegressionSuite.AdminAVMSource"/>
  <testcase name="RT_Channel_List_Navigation" time="0.036" classname="hub.test.RegressionSuite.AdminAVMSource"/>
  <testcase name="Base_Product_CBA_AVM_BRE_Service_Code" time="59.475" classname="hub.test.RegressionSuite.AdminAVMSource"/>
  <testcase name="RT_Channel_List_Search" time="0.045" classname="hub.test.RegressionSuite.AdminAVMSource"/>
  <testcase name="Admin_config_Channel_Product_Selection_CBAAVM" time="90.830" classname="hub.test.RegressionSuite.AdminAVMSource"/>
  <testcase name="RT_Channel_List_Edit" time="0.038" classname="hub.test.RegressionSuite.AdminAVMSource"/>
  <testcase name="RT_Channel_Property_Address_AVMSource" time="0.048" classname="hub.test.RegressionSuite.AdminAVMSource"/>
  <testcase name="RT_Admin_Success_Login" time="0.047" classname="hub.test.RegressionSuite.AdminAVMSource"/>
</testsuite> <!-- hub.test.RegressionSuite.AdminAVMSource -->
