<?xml version="1.0" encoding="UTF-8"?>
<!-- Generated by org.testng.reporters.JUnitReportReporter -->
<testsuite hostname="Crow.local" name="hub.test.RegressionSuite.UserProductSelectionTest" tests="10" failures="0" timestamp="27 Nov 2014 05:45:30 GMT" time="54.042" errors="1">
  <testcase name="RT_02619_No_Prompt_Originator_Details" time="26.860" classname="hub.test.RegressionSuite.UserProductSelectionTest"/>
  <testcase name="RT_03117_Information_Icon_Hover" time="0.395" classname="hub.test.RegressionSuite.UserProductSelectionTest"/>
  <testcase name="RT_02375_OEVPP_Formatted" time="4.489" classname="hub.test.RegressionSuite.UserProductSelectionTest"/>
  <testcase name="RT_Loan_Purpose" time="1.296" classname="hub.test.RegressionSuite.UserProductSelectionTest"/>
  <testcase name="RT_03107_Property_Type_Field" time="4.266" classname="hub.test.RegressionSuite.UserProductSelectionTest"/>
  <testcase name="RT_02977_DAOTA_Exclusions" time="0.421" classname="hub.test.RegressionSuite.UserProductSelectionTest">
    <error type="java.lang.AssertionError" message="expected [Company Title] but found []">
      <![CDATA[java.lang.AssertionError: expected [Company Title] but found []
	at org.testng.Assert.fail(Assert.java:94)
	at org.testng.Assert.failNotEquals(Assert.java:494)
	at org.testng.Assert.assertEquals(Assert.java:123)
	at org.testng.Assert.assertEquals(Assert.java:176)
	at org.testng.Assert.assertEquals(Assert.java:186)
	at hub.utilities.RegressionSuiteUtil.UserProductSelectionUtil.daotaPropertyExclusions(UserProductSelectionUtil.java:170)
	at hub.test.RegressionSuite.UserProductSelectionTest.RT_02977_DAOTA_Exclusions(UserProductSelectionTest.java:86)
	at sun.reflect.NativeMethodAccessorImpl.invoke0(Native Method)
	at sun.reflect.NativeMethodAccessorImpl.invoke(NativeMethodAccessorImpl.java:57)
	at sun.reflect.DelegatingMethodAccessorImpl.invoke(DelegatingMethodAccessorImpl.java:43)
	at java.lang.reflect.Method.invoke(Method.java:601)
	at org.testng.internal.MethodInvocationHelper.invokeMethod(MethodInvocationHelper.java:84)
	at org.testng.internal.Invoker.invokeMethod(Invoker.java:714)
	at org.testng.internal.Invoker.invokeTestMethod(Invoker.java:901)
	at org.testng.internal.Invoker.invokeTestMethods(Invoker.java:1231)
	at org.testng.internal.TestMethodWorker.invokeTestMethods(TestMethodWorker.java:127)
	at org.testng.internal.TestMethodWorker.run(TestMethodWorker.java:111)
	at org.testng.TestRunner.privateRun(TestRunner.java:767)
	at org.testng.TestRunner.run(TestRunner.java:617)
	at org.testng.SuiteRunner.runTest(SuiteRunner.java:335)
	at org.testng.SuiteRunner.runSequentially(SuiteRunner.java:330)
	at org.testng.SuiteRunner.privateRun(SuiteRunner.java:291)
	at org.testng.SuiteRunner.run(SuiteRunner.java:240)
	at org.testng.SuiteRunnerWorker.runSuite(SuiteRunnerWorker.java:52)
	at org.testng.SuiteRunnerWorker.run(SuiteRunnerWorker.java:86)
	at org.testng.TestNG.runSuitesSequentially(TestNG.java:1224)
	at org.testng.TestNG.runSuitesLocally(TestNG.java:1149)
	at org.testng.TestNG.run(TestNG.java:1057)
	at org.testng.remote.RemoteTestNG.run(RemoteTestNG.java:111)
	at org.testng.remote.RemoteTestNG.initAndRun(RemoteTestNG.java:204)
	at org.testng.remote.RemoteTestNG.main(RemoteTestNG.java:175)
]]>
    </error>
  </testcase> <!-- RT_02977_DAOTA_Exclusions -->
  <testcase name="RT_02654_Prompt_Originator_Details" time="5.127" classname="hub.test.RegressionSuite.UserProductSelectionTest"/>
  <testcase name="RT_03108_DAOTA_Required" time="6.664" classname="hub.test.RegressionSuite.UserProductSelectionTest"/>
  <testcase name="RT_02678_OEVPP_Required_Numeric" time="4.431" classname="hub.test.RegressionSuite.UserProductSelectionTest"/>
  <testcase name="RT_02269_Proceed_Product_Selection_Link" time="0.093" classname="hub.test.RegressionSuite.UserProductSelectionTest"/>
</testsuite> <!-- hub.test.RegressionSuite.UserProductSelectionTest -->
