<?xml version="1.0" encoding="UTF-8"?>
<!-- Generated by org.testng.reporters.JUnitReportReporter -->
<testsuite hostname="Crow.local" name="hub.test.AdminBaseProductListTest" tests="1" failures="0" timestamp="13 Feb 2014 09:31:54 GMT" time="47.922" errors="0">
  <testcase name="testBaseProductList" time="47.922" classname="hub.test.AdminBaseProductListTest"/>
</testsuite> <!-- hub.test.AdminBaseProductListTest -->
