<?xml version="1.0" encoding="UTF-8"?>
<!-- Generated by org.testng.reporters.JUnitReportReporter -->
<testsuite hostname="Crow.local" name="hub.test.UserSignUpConfigTest" tests="3" failures="0" timestamp="26 Feb 2014 10:41:53 GMT" time="286.460" errors="0">
  <testcase name="testSignUp" time="83.366" classname="hub.test.UserSignUpConfigTest"/>
  <testcase name="testSignUp" time="96.435" classname="hub.test.UserSignUpConfigTest"/>
  <testcase name="testSignUp" time="106.659" classname="hub.test.UserSignUpConfigTest"/>
</testsuite> <!-- hub.test.UserSignUpConfigTest -->
