<?xml version="1.0" encoding="UTF-8"?>
<!-- Generated by org.testng.reporters.JUnitReportReporter -->
<testsuite hostname="Crow.local" name="hub.test.RegressionSuite.UserProductSelectionTest" tests="7" failures="0" timestamp="26 Nov 2014 09:38:04 GMT" time="46.933" errors="0">
  <testcase name="RT_02654_Prompt_Originator_Details" time="5.477" classname="hub.test.RegressionSuite.UserProductSelectionTest"/>
  <testcase name="RT_02269_Proceed_Product_Selection_Link" time="0.089" classname="hub.test.RegressionSuite.UserProductSelectionTest"/>
  <testcase name="RT_03107_Property_Type_Field" time="4.014" classname="hub.test.RegressionSuite.UserProductSelectionTest"/>
  <testcase name="RT_03117_Information_Icon_Hover" time="0.380" classname="hub.test.RegressionSuite.UserProductSelectionTest"/>
  <testcase name="RT_02619_No_Prompt_Originator_Details" time="28.523" classname="hub.test.RegressionSuite.UserProductSelectionTest"/>
  <testcase name="RT_02678_OEVPP_Required_Numeric" time="4.026" classname="hub.test.RegressionSuite.UserProductSelectionTest"/>
  <testcase name="RT_02375_OEVPP_Formatted" time="4.424" classname="hub.test.RegressionSuite.UserProductSelectionTest"/>
</testsuite> <!-- hub.test.RegressionSuite.UserProductSelectionTest -->
