<?xml version="1.0" encoding="UTF-8"?>
<!-- Generated by org.testng.reporters.JUnitReportReporter -->
<testsuite hostname="Crow.local" name="hub.utilities.UserInstructionDetailsUtil" tests="1" failures="0" timestamp="15 Jan 2014 08:40:33 GMT" time="0.018" errors="0">
  <testcase name="testProceedInstructionDetails" time="0.018" classname="hub.utilities.UserInstructionDetailsUtil"/>
</testsuite> <!-- hub.utilities.UserInstructionDetailsUtil -->
