<?xml version="1.0" encoding="UTF-8"?>
<!-- Generated by org.testng.reporters.JUnitReportReporter -->
<testsuite hostname="Skylark.local" name="hub.test.RegressionSuite.Admin_TitleDocuments" tests="6" failures="0" timestamp="28 May 2014 09:50:36 GMT" time="142.397" errors="0">
  <testcase name="BSG_Title_Service" time="14.626" classname="hub.test.RegressionSuite.Admin_TitleDocuments"/>
  <testcase name="BSG_Title_Service" time="22.230" classname="hub.test.RegressionSuite.Admin_TitleDocuments"/>
  <testcase name="BSG_Title_Service" time="14.357" classname="hub.test.RegressionSuite.Admin_TitleDocuments"/>
  <testcase name="BSG_Title_Service" time="33.244" classname="hub.test.RegressionSuite.Admin_TitleDocuments"/>
  <testcase name="BSG_Title_Service" time="33.614" classname="hub.test.RegressionSuite.Admin_TitleDocuments"/>
  <testcase name="BSG_Title_Service" time="24.326" classname="hub.test.RegressionSuite.Admin_TitleDocuments"/>
</testsuite> <!-- hub.test.RegressionSuite.Admin_TitleDocuments -->
