<?xml version="1.0" encoding="UTF-8"?>
<!-- Generated by org.testng.reporters.JUnitReportReporter -->
<testsuite hostname="Crow.local" name="hub.test.RegressionSuite.UserProductSelectionTest" tests="1" failures="0" timestamp="25 Nov 2014 07:00:31 GMT" time="34.747" errors="0">
  <testcase name="RT_02654_Prompt_Originator_Details" time="34.747" classname="hub.test.RegressionSuite.UserProductSelectionTest"/>
</testsuite> <!-- hub.test.RegressionSuite.UserProductSelectionTest -->
