<?xml version="1.0" encoding="UTF-8"?>
<!-- Generated by org.testng.reporters.JUnitReportReporter -->
<testsuite hostname="Skylark.local" name="hub.test.RegressionSuite.UserLogin" tests="6" failures="0" timestamp="17 Sep 2014 08:36:40 GMT" time="58.787" errors="0">
  <testcase name="RT_05394_Login_Initial_Display" time="13.189" classname="hub.test.RegressionSuite.UserLogin"/>
  <testcase name="RT_2569_Register_New_Account_Button" time="12.413" classname="hub.test.RegressionSuite.UserLogin"/>
  <testcase name="RT_2695_Login_Security" time="6.426" classname="hub.test.RegressionSuite.UserLogin"/>
  <testcase name="RT_2578_Login_Succesful_login" time="11.980" classname="hub.test.RegressionSuite.UserLogin"/>
  <testcase name="RT_02582_Login_Validation" time="10.047" classname="hub.test.RegressionSuite.UserLogin"/>
  <testcase name="RT_05397_Link_Navigation" time="4.732" classname="hub.test.RegressionSuite.UserLogin"/>
</testsuite> <!-- hub.test.RegressionSuite.UserLogin -->
