<?xml version="1.0" encoding="UTF-8"?>
<!-- Generated by org.testng.reporters.JUnitReportReporter -->
<testsuite hostname="Crow.local" name="hub.test.RegressionSuite.UserInstructionDetails" tests="4" failures="0" timestamp="25 Mar 2015 09:06:44 GMT" time="87.444" errors="0">
  <testcase name="RT_02643_Instruction_Toggle_Sections" time="6.896" classname="hub.test.RegressionSuite.UserInstructionDetails"/>
  <testcase name="RT_02630_Completed_Instruction_Validations" time="21.902" classname="hub.test.RegressionSuite.UserInstructionDetails"/>
  <testcase name="RT_03088_Minimum_Data_Requirement" time="1.647" classname="hub.test.RegressionSuite.UserInstructionDetails"/>
  <testcase name="RT_02286_Instruction_Back_Button_Functionality" time="56.999" classname="hub.test.RegressionSuite.UserInstructionDetails"/>
</testsuite> <!-- hub.test.RegressionSuite.UserInstructionDetails -->
