<?xml version="1.0" encoding="UTF-8"?>
<!-- Generated by org.testng.reporters.JUnitReportReporter -->
<testsuite hostname="Skylark.local" name="hub.test.RegressionSuite.UserContactUs" tests="13" failures="0" timestamp="29 Sep 2014 02:04:43 GMT" time="24.858" errors="0">
  <testcase name="RT_03078_Field_Cannot_Be_Empty" time="1.322" classname="hub.test.RegressionSuite.UserContactUs"/>
  <testcase name="RT_03082_CFA_New_Fields_Validation" time="4.255" classname="hub.test.RegressionSuite.UserContactUs"/>
  <testcase name="RT_03081_Wheres_My_Reference_Number_Image" time="1.078" classname="hub.test.RegressionSuite.UserContactUs"/>
  <testcase name="RT_03077_Send_Inquiry_Background_Color" time="0.595" classname="hub.test.RegressionSuite.UserContactUs"/>
  <testcase name="RT_03083_Invalid_Contact_Number" time="0.889" classname="hub.test.RegressionSuite.UserContactUs"/>
  <testcase name="RT_03080_Close_Contact_Us" time="0.834" classname="hub.test.RegressionSuite.UserContactUs"/>
  <testcase name="RT_03079_Close_Button_Validation" time="0.653" classname="hub.test.RegressionSuite.UserContactUs"/>
  <testcase name="RT_03071_Contact_Us_Link_Modal_Validation" time="0.536" classname="hub.test.RegressionSuite.UserContactUs"/>
  <testcase name="RT_03074_Validation_Message" time="1.723" classname="hub.test.RegressionSuite.UserContactUs"/>
  <testcase name="RT_07683_Enquiry_Successfully_Sent" time="10.562" classname="hub.test.RegressionSuite.UserContactUs"/>
  <testcase name="RT_03085_One_Checkbox_only" time="1.065" classname="hub.test.RegressionSuite.UserContactUs"/>
  <testcase name="RT_03077_Send_Inquiry_Color" time="0.770" classname="hub.test.RegressionSuite.UserContactUs"/>
  <testcase name="RT_03073_Validation_Asterisk" time="0.576" classname="hub.test.RegressionSuite.UserContactUs"/>
</testsuite> <!-- hub.test.RegressionSuite.UserContactUs -->
