<?xml version="1.0" encoding="UTF-8"?>
<!-- Generated by org.testng.reporters.JUnitReportReporter -->
<testsuite hostname="Skylark.local" name="hub.test.RegressionSuite.UserFeedback" tests="6" failures="0" timestamp="30 Sep 2014 09:29:57 GMT" time="26.388" errors="0">
  <testcase name="RT_06785_Fields_Validation_Feedback" time="15.786" classname="hub.test.RegressionSuite.UserFeedback"/>
  <testcase name="RT_06794_Check_Close_button" time="0.552" classname="hub.test.RegressionSuite.UserFeedback"/>
  <testcase name="RT_06787_Email_Validation" time="0.535" classname="hub.test.RegressionSuite.UserFeedback"/>
  <testcase name="RT_06786_Feedback_Validation_Messages" time="2.125" classname="hub.test.RegressionSuite.UserFeedback"/>
  <testcase name="RT_06791_Successfully_Sent_Feedback" time="6.618" classname="hub.test.RegressionSuite.UserFeedback"/>
  <testcase name="RT_06788_Contact_Validation" time="0.772" classname="hub.test.RegressionSuite.UserFeedback"/>
</testsuite> <!-- hub.test.RegressionSuite.UserFeedback -->
