<?xml version="1.0" encoding="UTF-8"?>
<!-- Generated by org.testng.reporters.JUnitReportReporter -->
<testsuite hostname="Skylark.local" name="hub.test.RegressionSuite.UserPropertySearch" tests="9" failures="0" timestamp="29 Sep 2014 03:58:18 GMT" time="149.143" errors="1">
  <testcase name="RT_02902_PropertySearch_Logout" time="17.377" classname="hub.test.RegressionSuite.UserPropertySearch"/>
  <testcase name="RT_02566_CFA_Confirm_Button" time="19.703" classname="hub.test.RegressionSuite.UserPropertySearch"/>
  <testcase name="RT_02563_CFA_Back_To_Search_Button" time="7.817" classname="hub.test.RegressionSuite.UserPropertySearch"/>
  <testcase name="RT_02559_CFA_Search_Triggered" time="28.230" classname="hub.test.RegressionSuite.UserPropertySearch">
    <error type="java.lang.AssertionError" message="Search 1 expected [false] but found [true]">
      <![CDATA[java.lang.AssertionError: Search 1 expected [false] but found [true]
	at org.testng.Assert.fail(Assert.java:94)
	at org.testng.Assert.failNotEquals(Assert.java:494)
	at org.testng.Assert.assertFalse(Assert.java:63)
	at hub.utilities.RegressionSuiteUtil.UserRegressionSuiteUtil.CFA_Search_Triggered(UserRegressionSuiteUtil.java:2006)
	at hub.test.RegressionSuite.UserPropertySearch.RT_02559_CFA_Search_Triggered(UserPropertySearch.java:88)
	at sun.reflect.NativeMethodAccessorImpl.invoke0(Native Method)
	at sun.reflect.NativeMethodAccessorImpl.invoke(NativeMethodAccessorImpl.java:57)
	at sun.reflect.DelegatingMethodAccessorImpl.invoke(DelegatingMethodAccessorImpl.java:43)
	at java.lang.reflect.Method.invoke(Method.java:601)
	at org.testng.internal.MethodInvocationHelper.invokeMethod(MethodInvocationHelper.java:84)
	at org.testng.internal.Invoker.invokeMethod(Invoker.java:714)
	at org.testng.internal.Invoker.invokeTestMethod(Invoker.java:901)
	at org.testng.internal.Invoker.invokeTestMethods(Invoker.java:1231)
	at org.testng.internal.TestMethodWorker.invokeTestMethods(TestMethodWorker.java:127)
	at org.testng.internal.TestMethodWorker.run(TestMethodWorker.java:111)
	at org.testng.TestRunner.privateRun(TestRunner.java:767)
	at org.testng.TestRunner.run(TestRunner.java:617)
	at org.testng.SuiteRunner.runTest(SuiteRunner.java:335)
	at org.testng.SuiteRunner.runSequentially(SuiteRunner.java:330)
	at org.testng.SuiteRunner.privateRun(SuiteRunner.java:291)
	at org.testng.SuiteRunner.run(SuiteRunner.java:240)
	at org.testng.SuiteRunnerWorker.runSuite(SuiteRunnerWorker.java:52)
	at org.testng.SuiteRunnerWorker.run(SuiteRunnerWorker.java:86)
	at org.testng.TestNG.runSuitesSequentially(TestNG.java:1224)
	at org.testng.TestNG.runSuitesLocally(TestNG.java:1149)
	at org.testng.TestNG.run(TestNG.java:1057)
	at org.testng.remote.RemoteTestNG.run(RemoteTestNG.java:111)
	at org.testng.remote.RemoteTestNG.initAndRun(RemoteTestNG.java:204)
	at org.testng.remote.RemoteTestNG.main(RemoteTestNG.java:175)
]]>
    </error>
  </testcase> <!-- RT_02559_CFA_Search_Triggered -->
  <testcase name="RT_02697_PropertySearch_HTTPS" time="5.294" classname="hub.test.RegressionSuite.UserPropertySearch"/>
  <testcase name="RT_02561_CFA_Search_Not_Triggered_No_UnitStreetLot_Number" time="9.711" classname="hub.test.RegressionSuite.UserPropertySearch"/>
  <testcase name="RT_02565_CFA_Clear_Button" time="15.045" classname="hub.test.RegressionSuite.UserPropertySearch"/>
  <testcase name="RT_06771_CFA_Validation_message" time="7.499" classname="hub.test.RegressionSuite.UserPropertySearch"/>
  <testcase name="RT_06768_PropertySearch_Link_Navigation" time="38.467" classname="hub.test.RegressionSuite.UserPropertySearch"/>
</testsuite> <!-- hub.test.RegressionSuite.UserPropertySearch -->
