<?xml version="1.0" encoding="UTF-8"?>
<!-- Generated by org.testng.reporters.JUnitReportReporter -->
<testsuite hostname="Skylark.local" name="hub.test.RegressionSuite.UserMyAccount" tests="21" failures="0" timestamp="19 Feb 2015 05:59:44 GMT" time="125.101" errors="0">
  <testcase name="RT_02517_MyAccount_Field_Label" time="1.803" classname="hub.test.RegressionSuite.UserMyAccount"/>
  <testcase name="RT_02547_MyAccount_Password_Validation" time="9.895" classname="hub.test.RegressionSuite.UserMyAccount"/>
  <testcase name="RT_02518_MyAccount_EmailAddress_Suffix_Enabled" time="5.922" classname="hub.test.RegressionSuite.UserMyAccount"/>
  <testcase name="RT_04435_MyAccount_BranchIDvalidation" time="1.540" classname="hub.test.RegressionSuite.UserMyAccount"/>
  <testcase name="RT_02529_MyAccount_Unable_To_Save_Twice" time="2.249" classname="hub.test.RegressionSuite.UserMyAccount"/>
  <testcase name="RT_02527_Cancel_button_validation" time="12.286" classname="hub.test.RegressionSuite.UserMyAccount"/>
  <testcase name="RT_02545_MyAccount_Duplicate_Username" time="2.494" classname="hub.test.RegressionSuite.UserMyAccount"/>
  <testcase name="RT_02521_MyAccount_EmailAddress_FormatValidation" time="4.622" classname="hub.test.RegressionSuite.UserMyAccount"/>
  <testcase name="RT_02901_MyAccount_SpecialChar_Validation" time="10.579" classname="hub.test.RegressionSuite.UserMyAccount"/>
  <testcase name="RT_02708_MyAccount_Security_Validation" time="1.694" classname="hub.test.RegressionSuite.UserMyAccount"/>
  <testcase name="RT_02902_MyAccount_Logout_Link" time="3.365" classname="hub.test.RegressionSuite.UserMyAccount"/>
  <testcase name="RT_025395_MyAccount_Link_Navigation" time="13.229" classname="hub.test.RegressionSuite.UserMyAccount"/>
  <testcase name="RT_02514_MyAccount_Required_Fields_Asterisk" time="7.616" classname="hub.test.RegressionSuite.UserMyAccount"/>
  <testcase name="RT_02546_Previous_Username_Can_Be_Use" time="5.397" classname="hub.test.RegressionSuite.UserMyAccount"/>
  <testcase name="RT_02535_MyAccount_Navigation_CBALender" time="8.967" classname="hub.test.RegressionSuite.UserMyAccount"/>
  <testcase name="RT_02522_MyAccount_EmailAddress_Suffix_Enabled_Invalid_message" time="4.370" classname="hub.test.RegressionSuite.UserMyAccount"/>
  <testcase name="RT_02528_Blank_FirstLast_position" time="7.180" classname="hub.test.RegressionSuite.UserMyAccount"/>
  <testcase name="RT_02520_MyAccount_EmailAddress_Suffix_Disabled" time="4.293" classname="hub.test.RegressionSuite.UserMyAccount"/>
  <testcase name="RT_04436_MyAccount_Branch_ID_Not_Null" time="1.694" classname="hub.test.RegressionSuite.UserMyAccount"/>
  <testcase name="RT_02523_MyAccount_Phone_Mobile_validation" time="5.355" classname="hub.test.RegressionSuite.UserMyAccount"/>
  <testcase name="RT_02525_MyAccount_Save_Successfully" time="10.551" classname="hub.test.RegressionSuite.UserMyAccount"/>
</testsuite> <!-- hub.test.RegressionSuite.UserMyAccount -->
