<?xml version="1.0" encoding="UTF-8"?>
<!-- Generated by org.testng.reporters.JUnitReportReporter -->
<testsuite hostname="Crow.local" name="hub.test.HubDbTrackerTest" tests="1" failures="0" timestamp="28 Jan 2014 06:19:06 GMT" time="599.316" errors="0">
  <testcase name="testDbTracker" time="599.316" classname="hub.test.HubDbTrackerTest"/>
</testsuite> <!-- hub.test.HubDbTrackerTest -->
