<?xml version="1.0" encoding="UTF-8"?>
<!-- Generated by org.testng.reporters.JUnitReportReporter -->
<testsuite hostname="Crow.local" name="hub.test.UserSignUpAndMyAccountConfigTest" tests="3" failures="0" timestamp="19 Feb 2014 09:07:46 GMT" time="379.507" errors="0">
  <testcase name="testSignUp" time="120.806" classname="hub.test.UserSignUpAndMyAccountConfigTest"/>
  <testcase name="testSignUp" time="104.750" classname="hub.test.UserSignUpAndMyAccountConfigTest"/>
  <testcase name="testSignUp" time="153.951" classname="hub.test.UserSignUpAndMyAccountConfigTest"/>
</testsuite> <!-- hub.test.UserSignUpAndMyAccountConfigTest -->
