<?xml version="1.0" encoding="UTF-8"?>
<!-- Generated by org.testng.reporters.JUnitReportReporter -->
<testsuite hostname="Skylark.local" name="hub.test.RegressionSuite.UserRegistration" tests="16" failures="0" timestamp="26 Jan 2015 02:00:12 GMT" time="167.232" errors="1">
  <testcase name="RT_06796_Special_Char_Usage" time="13.923" classname="hub.test.RegressionSuite.UserRegistration"/>
  <testcase name="RT_06793_EmailAddress_Suffix_Disabled" time="6.434" classname="hub.test.RegressionSuite.UserRegistration"/>
  <testcase name="RT_06780_Password_Min_Char" time="7.974" classname="hub.test.RegressionSuite.UserRegistration"/>
  <testcase name="RT_06781_Confirm_Password_MinChar" time="6.991" classname="hub.test.RegressionSuite.UserRegistration">
    <error type="java.lang.AssertionError" message="Password not match is not displayed expected [display: block;] but found []">
      <![CDATA[java.lang.AssertionError: Password not match is not displayed expected [display: block;] but found []
	at org.testng.Assert.fail(Assert.java:94)
	at org.testng.Assert.failNotEquals(Assert.java:494)
	at org.testng.Assert.assertEquals(Assert.java:123)
	at org.testng.Assert.assertEquals(Assert.java:176)
	at hub.utilities.RegressionSuiteUtil.UserRegressionSuiteUtil.ConfirmPasswordMinChar(UserRegressionSuiteUtil.java:61)
	at hub.test.RegressionSuite.UserRegistration.RT_06781_Confirm_Password_MinChar(UserRegistration.java:46)
	at sun.reflect.NativeMethodAccessorImpl.invoke0(Native Method)
	at sun.reflect.NativeMethodAccessorImpl.invoke(NativeMethodAccessorImpl.java:57)
	at sun.reflect.DelegatingMethodAccessorImpl.invoke(DelegatingMethodAccessorImpl.java:43)
	at java.lang.reflect.Method.invoke(Method.java:601)
	at org.testng.internal.MethodInvocationHelper.invokeMethod(MethodInvocationHelper.java:84)
	at org.testng.internal.Invoker.invokeMethod(Invoker.java:714)
	at org.testng.internal.Invoker.invokeTestMethod(Invoker.java:901)
	at org.testng.internal.Invoker.invokeTestMethods(Invoker.java:1231)
	at org.testng.internal.TestMethodWorker.invokeTestMethods(TestMethodWorker.java:127)
	at org.testng.internal.TestMethodWorker.run(TestMethodWorker.java:111)
	at org.testng.TestRunner.privateRun(TestRunner.java:767)
	at org.testng.TestRunner.run(TestRunner.java:617)
	at org.testng.SuiteRunner.runTest(SuiteRunner.java:335)
	at org.testng.SuiteRunner.runSequentially(SuiteRunner.java:330)
	at org.testng.SuiteRunner.privateRun(SuiteRunner.java:291)
	at org.testng.SuiteRunner.run(SuiteRunner.java:240)
	at org.testng.SuiteRunnerWorker.runSuite(SuiteRunnerWorker.java:52)
	at org.testng.SuiteRunnerWorker.run(SuiteRunnerWorker.java:86)
	at org.testng.TestNG.runSuitesSequentially(TestNG.java:1224)
	at org.testng.TestNG.runSuitesLocally(TestNG.java:1149)
	at org.testng.TestNG.run(TestNG.java:1057)
	at org.testng.remote.RemoteTestNG.run(RemoteTestNG.java:111)
	at org.testng.remote.RemoteTestNG.initAndRun(RemoteTestNG.java:204)
	at org.testng.remote.RemoteTestNG.main(RemoteTestNG.java:175)
]]>
    </error>
  </testcase> <!-- RT_06781_Confirm_Password_MinChar -->
  <testcase name="RT_06793_EmailAddress_Suffix_Enabled" time="4.481" classname="hub.test.RegressionSuite.UserRegistration"/>
  <testcase name="RT_06798_Duplicate_Username" time="8.887" classname="hub.test.RegressionSuite.UserRegistration"/>
  <testcase name="RT_06799_First_Lastname_Char_Limit" time="8.858" classname="hub.test.RegressionSuite.UserRegistration"/>
  <testcase name="RT_06778_EmailAddress_Invalid_Format" time="38.583" classname="hub.test.RegressionSuite.UserRegistration"/>
  <testcase name="RT_06801_BranchID_validation" time="3.945" classname="hub.test.RegressionSuite.UserRegistration"/>
  <testcase name="RT_06775_Validation_code_error" time="9.614" classname="hub.test.RegressionSuite.UserRegistration"/>
  <testcase name="RT_06782_Validation_Messages" time="16.122" classname="hub.test.RegressionSuite.UserRegistration"/>
  <testcase name="RT_06767_Initial_Display" time="4.877" classname="hub.test.RegressionSuite.UserRegistration"/>
  <testcase name="RT_06777_TermsAndCondition_validation" time="6.409" classname="hub.test.RegressionSuite.UserRegistration"/>
  <testcase name="RT_06769_Link_Navigation" time="7.052" classname="hub.test.RegressionSuite.UserRegistration"/>
  <testcase name="RT_06779_EmailAddress_validation" time="7.339" classname="hub.test.RegressionSuite.UserRegistration"/>
  <testcase name="RT_06797_Phone_Mobile_validation" time="15.743" classname="hub.test.RegressionSuite.UserRegistration"/>
</testsuite> <!-- hub.test.RegressionSuite.UserRegistration -->
