<?xml version="1.0" encoding="UTF-8"?>
<!-- Generated by org.testng.reporters.JUnitReportReporter -->
<testsuite hostname="Skylark.local" name="hub.test.RegressionSuite.UserLogin" tests="6" failures="0" timestamp="24 Nov 2014 06:35:32 GMT" time="64.682" errors="0">
  <testcase name="RT_05397_Link_Navigation" time="7.591" classname="hub.test.RegressionSuite.UserLogin"/>
  <testcase name="RT_05394_Login_Initial_Display" time="5.237" classname="hub.test.RegressionSuite.UserLogin"/>
  <testcase name="RT_02582_Login_Validation" time="29.304" classname="hub.test.RegressionSuite.UserLogin"/>
  <testcase name="RT_2578_Login_Succesful_login" time="12.477" classname="hub.test.RegressionSuite.UserLogin"/>
  <testcase name="RT_2695_Login_Security" time="2.829" classname="hub.test.RegressionSuite.UserLogin"/>
  <testcase name="RT_2569_Register_New_Account_Button" time="7.244" classname="hub.test.RegressionSuite.UserLogin"/>
</testsuite> <!-- hub.test.RegressionSuite.UserLogin -->
