<?xml version="1.0" encoding="UTF-8"?>
<!-- Generated by org.testng.reporters.JUnitReportReporter -->
<testsuite hostname="Skylark.local" name="hub.test.RegressionSuite.UserProductSelection" tests="1" failures="0" timestamp="24 Nov 2014 09:37:41 GMT" time="54.649" errors="0">
  <testcase name="RT_05397_Link_Navigation" time="54.649" classname="hub.test.RegressionSuite.UserProductSelection"/>
</testsuite> <!-- hub.test.RegressionSuite.UserProductSelection -->
