<?xml version="1.0" encoding="UTF-8"?>
<!-- Generated by org.testng.reporters.JUnitReportReporter -->
<testsuite hostname="Skylark.local" name="hub.test.endtoend.Sample" tests="1" failures="0" timestamp="6 Nov 2014 08:49:59 GMT" time="34.989" errors="0">
  <testcase name="testLogin" time="34.989" classname="hub.test.endtoend.Sample"/>
</testsuite> <!-- hub.test.endtoend.Sample -->
