<?xml version="1.0" encoding="UTF-8"?>
<!-- Generated by org.testng.reporters.JUnitReportReporter -->
<testsuite hostname="Quail.local" name="hub.test.AdminPromotionCodeTest" tests="4" failures="0" timestamp="11 Mar 2014 05:35:50 GMT" time="78.427" errors="0">
  <testcase name="promotionTest" time="21.712" classname="hub.test.AdminPromotionCodeTest"/>
  <testcase name="promotionTest" time="18.767" classname="hub.test.AdminPromotionCodeTest"/>
  <testcase name="promotionTest" time="19.266" classname="hub.test.AdminPromotionCodeTest"/>
  <testcase name="promotionTest" time="18.682" classname="hub.test.AdminPromotionCodeTest"/>
</testsuite> <!-- hub.test.AdminPromotionCodeTest -->
