<?xml version="1.0" encoding="UTF-8"?>
<!-- Generated by org.testng.reporters.JUnitReportReporter -->
<testsuite hostname="woodpecker.local" name="hub.test.LoginRegression" tests="6" failures="0" timestamp="14 Apr 2014 10:14:35 GMT" time="134.795" errors="0">
  <testcase name="testLogin" time="7.411" classname="hub.test.LoginRegression"/>
  <testcase name="testLogin" time="7.691" classname="hub.test.LoginRegression"/>
  <testcase name="testLogin" time="19.011" classname="hub.test.LoginRegression"/>
  <testcase name="testLogin" time="7.271" classname="hub.test.LoginRegression"/>
  <testcase name="testLogin" time="7.396" classname="hub.test.LoginRegression"/>
  <testcase name="testLogin" time="86.015" classname="hub.test.LoginRegression"/>
</testsuite> <!-- hub.test.LoginRegression -->
