<?xml version="1.0" encoding="UTF-8"?>
<!-- Generated by org.testng.reporters.JUnitReportReporter -->
<testsuite hostname="Skylark.local" name="hub.test.RegressionSuite.UserContactUs" tests="13" failures="0" timestamp="7 Nov 2014 06:15:37 GMT" time="151.664" errors="0">
  <testcase name="RT_03083_Invalid_Contact_Number" time="10.042" classname="hub.test.RegressionSuite.UserContactUs"/>
  <testcase name="RT_03082_CFA_New_Fields_Validation" time="14.346" classname="hub.test.RegressionSuite.UserContactUs"/>
  <testcase name="RT_03074_Validation_Message" time="14.174" classname="hub.test.RegressionSuite.UserContactUs"/>
  <testcase name="RT_03077_Send_Inquiry_Color" time="7.040" classname="hub.test.RegressionSuite.UserContactUs"/>
  <testcase name="RT_03080_Close_Contact_Us" time="10.338" classname="hub.test.RegressionSuite.UserContactUs"/>
  <testcase name="RT_03079_Close_Button_Validation" time="5.779" classname="hub.test.RegressionSuite.UserContactUs"/>
  <testcase name="RT_03071_Contact_Us_Link_Modal_Validation" time="3.747" classname="hub.test.RegressionSuite.UserContactUs"/>
  <testcase name="RT_03073_Validation_Asterisk" time="9.571" classname="hub.test.RegressionSuite.UserContactUs"/>
  <testcase name="RT_03085_One_Checkbox_only" time="16.055" classname="hub.test.RegressionSuite.UserContactUs"/>
  <testcase name="RT_03081_Wheres_My_Reference_Number_Image" time="9.727" classname="hub.test.RegressionSuite.UserContactUs"/>
  <testcase name="RT_07683_Enquiry_Successfully_Sent" time="29.486" classname="hub.test.RegressionSuite.UserContactUs"/>
  <testcase name="RT_03078_Field_Cannot_Be_Empty" time="13.133" classname="hub.test.RegressionSuite.UserContactUs"/>
  <testcase name="RT_03077_Send_Inquiry_Background_Color" time="8.226" classname="hub.test.RegressionSuite.UserContactUs"/>
</testsuite> <!-- hub.test.RegressionSuite.UserContactUs -->
