<?xml version="1.0" encoding="UTF-8"?>
<!-- Generated by org.testng.reporters.JUnitReportReporter -->
<testsuite hostname="Crow.local" name="hub.test.UserLoginSecurityTest" tests="1" failures="0" timestamp="13 Feb 2014 07:43:06 GMT" time="5.629" errors="0">
  <testcase name="testSmokeTest" time="5.629" classname="hub.test.UserLoginSecurityTest"/>
</testsuite> <!-- hub.test.UserLoginSecurityTest -->
