<?xml version="1.0" encoding="UTF-8"?>
<!-- Generated by org.testng.reporters.JUnitReportReporter -->
<testsuite hostname="Crow.local" name="hub.test.SmokeTest" tests="4" failures="0" timestamp="28 Feb 2014 11:24:55 GMT" time="755.136" errors="0">
  <testcase name="testSmokeTest" time="289.942" classname="hub.test.SmokeTest"/>
  <testcase name="testSmokeTest" time="151.607" classname="hub.test.SmokeTest"/>
  <testcase name="testSmokeTest" time="254.396" classname="hub.test.SmokeTest"/>
  <testcase name="testSmokeTest" time="59.191" classname="hub.test.SmokeTest"/>
</testsuite> <!-- hub.test.SmokeTest -->
