<?xml version="1.0" encoding="UTF-8"?>
<!-- Generated by org.testng.reporters.JUnitReportReporter -->
<testsuite hostname="Skylark.local" name="hub.test.RegressionSuite.UserContactUs" tests="13" failures="0" timestamp="19 Aug 2014 08:44:20 GMT" time="82.738" errors="0">
  <testcase name="RT_03083_Invalid_Contact_Number" time="0.809" classname="hub.test.RegressionSuite.UserContactUs"/>
  <testcase name="RT_03077_Send_Inquiry_Color" time="0.798" classname="hub.test.RegressionSuite.UserContactUs"/>
  <testcase name="RT_03074_Validation_Message" time="1.508" classname="hub.test.RegressionSuite.UserContactUs"/>
  <testcase name="RT_03077_Send_Inquiry_Background_Color" time="0.571" classname="hub.test.RegressionSuite.UserContactUs"/>
  <testcase name="RT_03081_Wheres_My_Reference_Number_Image" time="1.061" classname="hub.test.RegressionSuite.UserContactUs"/>
  <testcase name="RT_03073_Validation_Asterisk" time="0.692" classname="hub.test.RegressionSuite.UserContactUs"/>
  <testcase name="RT_03078_Field_Cannot_Be_Empty" time="1.224" classname="hub.test.RegressionSuite.UserContactUs"/>
  <testcase name="RT_03079_Close_Button_Validation" time="0.574" classname="hub.test.RegressionSuite.UserContactUs"/>
  <testcase name="RT_03082_CFA_New_Fields_Validation" time="4.188" classname="hub.test.RegressionSuite.UserContactUs"/>
  <testcase name="RT_03071_Contact_Us_Link_Modal_Validation" time="0.359" classname="hub.test.RegressionSuite.UserContactUs"/>
  <testcase name="RT_07683_Enquiry_Successfully_Sent" time="69.177" classname="hub.test.RegressionSuite.UserContactUs"/>
  <testcase name="RT_03085_One_Checkbox_only" time="1.108" classname="hub.test.RegressionSuite.UserContactUs"/>
  <testcase name="RT_03080_Close_Contact_Us" time="0.669" classname="hub.test.RegressionSuite.UserContactUs"/>
</testsuite> <!-- hub.test.RegressionSuite.UserContactUs -->
