<?xml version="1.0" encoding="UTF-8"?>
<!-- Generated by org.testng.reporters.JUnitReportReporter -->
<testsuite hostname="Skylark.local" name="hub.test.RegressionSuite.UserMyAccount" tests="21" failures="7" timestamp="4 Aug 2014 06:09:28 GMT" time="417.073" errors="1">
  <testcase name="RT_02525_MyAccount_Save_Successfully" time="31.776" classname="hub.test.RegressionSuite.UserMyAccount">
    <failure type="org.openqa.selenium.NoSuchElementException" message="Unable to locate element: {&quot;method&quot;:&quot;xpath&quot;,&quot;selector&quot;:&quot;//*[@id=&#039;hubSearchAddress&#039;]&quot;}
Command duration or timeout: 11 milliseconds
For documentation on this error, please visit: http://seleniumhq.org/exceptions/no_such_element.html
Build info: version: &#039;2.38.0&#039;, revision: &#039;bd32d4e7247a32d801b3d2d4f84a4e7384300378&#039;, time: &#039;2013-12-05 09:01:37&#039;
System info: host: &#039;Skylark.local&#039;, ip: &#039;10.0.10.170&#039;, os.name: &#039;Mac OS X&#039;, os.arch: &#039;x86_64&#039;, os.version: &#039;10.9.2&#039;, java.version: &#039;1.7.0_04&#039;
Session ID: daf3e63f-259d-bd40-a9b4-ce0bc27477d1
Driver info: org.openqa.selenium.firefox.FirefoxDriver
Capabilities [{platform=MAC, acceptSslCerts=true, javascriptEnabled=true, browserName=firefox, rotatable=false, locationContextEnabled=true, version=31.0, cssSelectorsEnabled=true, databaseEnabled=true, handlesAlerts=true, nativeEvents=false, webStorageEnabled=true, applicationCacheEnabled=true, takesScreenshot=true}]">
      <![CDATA[org.openqa.selenium.NoSuchElementException: Unable to locate element: {"method":"xpath","selector":"//*[@id='hubSearchAddress']"}
Command duration or timeout: 11 milliseconds
For documentation on this error, please visit: http://seleniumhq.org/exceptions/no_such_element.html
Build info: version: '2.38.0', revision: 'bd32d4e7247a32d801b3d2d4f84a4e7384300378', time: '2013-12-05 09:01:37'
System info: host: 'Skylark.local', ip: '10.0.10.170', os.name: 'Mac OS X', os.arch: 'x86_64', os.version: '10.9.2', java.version: '1.7.0_04'
Session ID: daf3e63f-259d-bd40-a9b4-ce0bc27477d1
Driver info: org.openqa.selenium.firefox.FirefoxDriver
Capabilities [{platform=MAC, acceptSslCerts=true, javascriptEnabled=true, browserName=firefox, rotatable=false, locationContextEnabled=true, version=31.0, cssSelectorsEnabled=true, databaseEnabled=true, handlesAlerts=true, nativeEvents=false, webStorageEnabled=true, applicationCacheEnabled=true, takesScreenshot=true}]
	at sun.reflect.GeneratedConstructorAccessor13.newInstance(Unknown Source)
	at sun.reflect.DelegatingConstructorAccessorImpl.newInstance(DelegatingConstructorAccessorImpl.java:45)
	at java.lang.reflect.Constructor.newInstance(Constructor.java:525)
	at org.openqa.selenium.remote.ErrorHandler.createThrowable(ErrorHandler.java:193)
	at org.openqa.selenium.remote.ErrorHandler.throwIfResponseFailed(ErrorHandler.java:145)
	at org.openqa.selenium.remote.RemoteWebDriver.execute(RemoteWebDriver.java:554)
	at org.openqa.selenium.remote.RemoteWebDriver.findElement(RemoteWebDriver.java:307)
	at org.openqa.selenium.remote.RemoteWebDriver.findElementByXPath(RemoteWebDriver.java:404)
	at org.openqa.selenium.By$ByXPath.findElement(By.java:363)
	at org.openqa.selenium.remote.RemoteWebDriver.findElement(RemoteWebDriver.java:299)
	at hub.library.FunctionReference.isElementVisible(FunctionReference.java:400)
	at hub.library.FunctionReference.waitForElementVisible(FunctionReference.java:411)
	at hub.utilities.RegressionSuiteUtil.UserRegressionSuiteUtil.Login_Successful_login(UserRegressionSuiteUtil.java:520)
	at hub.utilities.RegressionSuiteUtil.UserRegressionSuiteUtil.MyAccount_Save_Successfully(UserRegressionSuiteUtil.java:807)
	at hub.test.RegressionSuite.UserMyAccount.RT_02525_MyAccount_Save_Successfully(UserMyAccount.java:88)
	at sun.reflect.NativeMethodAccessorImpl.invoke0(Native Method)
	at sun.reflect.NativeMethodAccessorImpl.invoke(NativeMethodAccessorImpl.java:57)
	at sun.reflect.DelegatingMethodAccessorImpl.invoke(DelegatingMethodAccessorImpl.java:43)
	at java.lang.reflect.Method.invoke(Method.java:601)
	at org.testng.internal.MethodInvocationHelper.invokeMethod(MethodInvocationHelper.java:84)
	at org.testng.internal.Invoker.invokeMethod(Invoker.java:714)
	at org.testng.internal.Invoker.invokeTestMethod(Invoker.java:901)
	at org.testng.internal.Invoker.invokeTestMethods(Invoker.java:1231)
	at org.testng.internal.TestMethodWorker.invokeTestMethods(TestMethodWorker.java:127)
	at org.testng.internal.TestMethodWorker.run(TestMethodWorker.java:111)
	at org.testng.TestRunner.privateRun(TestRunner.java:767)
	at org.testng.TestRunner.run(TestRunner.java:617)
	at org.testng.SuiteRunner.runTest(SuiteRunner.java:335)
	at org.testng.SuiteRunner.runSequentially(SuiteRunner.java:330)
	at org.testng.SuiteRunner.privateRun(SuiteRunner.java:291)
	at org.testng.SuiteRunner.run(SuiteRunner.java:240)
	at org.testng.SuiteRunnerWorker.runSuite(SuiteRunnerWorker.java:52)
	at org.testng.SuiteRunnerWorker.run(SuiteRunnerWorker.java:86)
	at org.testng.TestNG.runSuitesSequentially(TestNG.java:1224)
	at org.testng.TestNG.runSuitesLocally(TestNG.java:1149)
	at org.testng.TestNG.run(TestNG.java:1057)
	at org.testng.remote.RemoteTestNG.run(RemoteTestNG.java:111)
	at org.testng.remote.RemoteTestNG.initAndRun(RemoteTestNG.java:204)
	at org.testng.remote.RemoteTestNG.main(RemoteTestNG.java:175)
Caused by: org.openqa.selenium.remote.ErrorHandler$UnknownServerException: Unable to locate element: {"method":"xpath","selector":"//*[@id='hubSearchAddress']"}
Build info: version: '2.38.0', revision: 'bd32d4e7247a32d801b3d2d4f84a4e7384300378', time: '2013-12-05 09:01:37'
System info: host: 'Skylark.local', ip: '10.0.10.170', os.name: 'Mac OS X', os.arch: 'x86_64', os.version: '10.9.2', java.version: '1.7.0_04'
Driver info: driver.version: unknown
	at <anonymous class>.FirefoxDriver.prototype.findElementInternal_(file:///var/folders/m3/yp5nzb1x7ws0r04q712pqj3w0000gp/T/anonymous8763245546447498088webdriver-profile/extensions/fxdriver@googlecode.com/components/driver_component.js:8860:133)
	at <anonymous class>.FirefoxDriver.prototype.findElement(file:///var/folders/m3/yp5nzb1x7ws0r04q712pqj3w0000gp/T/anonymous8763245546447498088webdriver-profile/extensions/fxdriver@googlecode.com/components/driver_component.js:8869:3)
	at <anonymous class>.DelayedCommand.prototype.executeInternal_/h(file:///var/folders/m3/yp5nzb1x7ws0r04q712pqj3w0000gp/T/anonymous8763245546447498088webdriver-profile/extensions/fxdriver@googlecode.com/components/command_processor.js:10831:16)
	at <anonymous class>.DelayedCommand.prototype.executeInternal_(file:///var/folders/m3/yp5nzb1x7ws0r04q712pqj3w0000gp/T/anonymous8763245546447498088webdriver-profile/extensions/fxdriver@googlecode.com/components/command_processor.js:10836:7)
	at <anonymous class>.DelayedCommand.prototype.execute/<(file:///var/folders/m3/yp5nzb1x7ws0r04q712pqj3w0000gp/T/anonymous8763245546447498088webdriver-profile/extensions/fxdriver@googlecode.com/components/command_processor.js:10778:5)
]]>
    </failure>
  </testcase> <!-- RT_02525_MyAccount_Save_Successfully -->
  <testcase name="RT_02523_MyAccount_Phone_Mobile_validation" time="8.147" classname="hub.test.RegressionSuite.UserMyAccount"/>
  <testcase name="RT_02902_MyAccount_Logout_Link" time="16.351" classname="hub.test.RegressionSuite.UserMyAccount"/>
  <testcase name="RT_02521_MyAccount_EmailAddress_FormatValidation" time="8.040" classname="hub.test.RegressionSuite.UserMyAccount"/>
  <testcase name="RT_025395_MyAccount_Link_Navigation" time="40.858" classname="hub.test.RegressionSuite.UserMyAccount"/>
  <testcase name="RT_04436_MyAccount_Branch_ID_Not_Null" time="5.372" classname="hub.test.RegressionSuite.UserMyAccount">
    <error type="java.lang.AssertionError" message="expected [123456Aa] but found [123456]">
      <![CDATA[java.lang.AssertionError: expected [123456Aa] but found [123456]
	at org.testng.Assert.fail(Assert.java:94)
	at org.testng.Assert.failNotEquals(Assert.java:494)
	at org.testng.Assert.assertEquals(Assert.java:123)
	at org.testng.Assert.assertEquals(Assert.java:176)
	at org.testng.Assert.assertEquals(Assert.java:186)
	at hub.utilities.RegressionSuiteUtil.UserRegressionSuiteUtil.MyAccount_Branch_ID_Not_Null(UserRegressionSuiteUtil.java:1040)
	at hub.test.RegressionSuite.UserMyAccount.RT_04436_MyAccount_Branch_ID_Not_Null(UserMyAccount.java:128)
	at sun.reflect.NativeMethodAccessorImpl.invoke0(Native Method)
	at sun.reflect.NativeMethodAccessorImpl.invoke(NativeMethodAccessorImpl.java:57)
	at sun.reflect.DelegatingMethodAccessorImpl.invoke(DelegatingMethodAccessorImpl.java:43)
	at java.lang.reflect.Method.invoke(Method.java:601)
	at org.testng.internal.MethodInvocationHelper.invokeMethod(MethodInvocationHelper.java:84)
	at org.testng.internal.Invoker.invokeMethod(Invoker.java:714)
	at org.testng.internal.Invoker.invokeTestMethod(Invoker.java:901)
	at org.testng.internal.Invoker.invokeTestMethods(Invoker.java:1231)
	at org.testng.internal.TestMethodWorker.invokeTestMethods(TestMethodWorker.java:127)
	at org.testng.internal.TestMethodWorker.run(TestMethodWorker.java:111)
	at org.testng.TestRunner.privateRun(TestRunner.java:767)
	at org.testng.TestRunner.run(TestRunner.java:617)
	at org.testng.SuiteRunner.runTest(SuiteRunner.java:335)
	at org.testng.SuiteRunner.runSequentially(SuiteRunner.java:330)
	at org.testng.SuiteRunner.privateRun(SuiteRunner.java:291)
	at org.testng.SuiteRunner.run(SuiteRunner.java:240)
	at org.testng.SuiteRunnerWorker.runSuite(SuiteRunnerWorker.java:52)
	at org.testng.SuiteRunnerWorker.run(SuiteRunnerWorker.java:86)
	at org.testng.TestNG.runSuitesSequentially(TestNG.java:1224)
	at org.testng.TestNG.runSuitesLocally(TestNG.java:1149)
	at org.testng.TestNG.run(TestNG.java:1057)
	at org.testng.remote.RemoteTestNG.run(RemoteTestNG.java:111)
	at org.testng.remote.RemoteTestNG.initAndRun(RemoteTestNG.java:204)
	at org.testng.remote.RemoteTestNG.main(RemoteTestNG.java:175)
]]>
    </error>
  </testcase> <!-- RT_04436_MyAccount_Branch_ID_Not_Null -->
  <testcase name="RT_02517_MyAccount_Field_Label" time="31.689" classname="hub.test.RegressionSuite.UserMyAccount">
    <failure type="org.openqa.selenium.NoSuchElementException" message="Unable to locate element: {&quot;method&quot;:&quot;xpath&quot;,&quot;selector&quot;:&quot;//*[@id=&#039;hubSearchAddress&#039;]&quot;}
Command duration or timeout: 12 milliseconds
For documentation on this error, please visit: http://seleniumhq.org/exceptions/no_such_element.html
Build info: version: &#039;2.38.0&#039;, revision: &#039;bd32d4e7247a32d801b3d2d4f84a4e7384300378&#039;, time: &#039;2013-12-05 09:01:37&#039;
System info: host: &#039;Skylark.local&#039;, ip: &#039;10.0.10.170&#039;, os.name: &#039;Mac OS X&#039;, os.arch: &#039;x86_64&#039;, os.version: &#039;10.9.2&#039;, java.version: &#039;1.7.0_04&#039;
Session ID: daf3e63f-259d-bd40-a9b4-ce0bc27477d1
Driver info: org.openqa.selenium.firefox.FirefoxDriver
Capabilities [{platform=MAC, acceptSslCerts=true, javascriptEnabled=true, browserName=firefox, rotatable=false, locationContextEnabled=true, version=31.0, cssSelectorsEnabled=true, databaseEnabled=true, handlesAlerts=true, nativeEvents=false, webStorageEnabled=true, applicationCacheEnabled=true, takesScreenshot=true}]">
      <![CDATA[org.openqa.selenium.NoSuchElementException: Unable to locate element: {"method":"xpath","selector":"//*[@id='hubSearchAddress']"}
Command duration or timeout: 12 milliseconds
For documentation on this error, please visit: http://seleniumhq.org/exceptions/no_such_element.html
Build info: version: '2.38.0', revision: 'bd32d4e7247a32d801b3d2d4f84a4e7384300378', time: '2013-12-05 09:01:37'
System info: host: 'Skylark.local', ip: '10.0.10.170', os.name: 'Mac OS X', os.arch: 'x86_64', os.version: '10.9.2', java.version: '1.7.0_04'
Session ID: daf3e63f-259d-bd40-a9b4-ce0bc27477d1
Driver info: org.openqa.selenium.firefox.FirefoxDriver
Capabilities [{platform=MAC, acceptSslCerts=true, javascriptEnabled=true, browserName=firefox, rotatable=false, locationContextEnabled=true, version=31.0, cssSelectorsEnabled=true, databaseEnabled=true, handlesAlerts=true, nativeEvents=false, webStorageEnabled=true, applicationCacheEnabled=true, takesScreenshot=true}]
	at sun.reflect.GeneratedConstructorAccessor13.newInstance(Unknown Source)
	at sun.reflect.DelegatingConstructorAccessorImpl.newInstance(DelegatingConstructorAccessorImpl.java:45)
	at java.lang.reflect.Constructor.newInstance(Constructor.java:525)
	at org.openqa.selenium.remote.ErrorHandler.createThrowable(ErrorHandler.java:193)
	at org.openqa.selenium.remote.ErrorHandler.throwIfResponseFailed(ErrorHandler.java:145)
	at org.openqa.selenium.remote.RemoteWebDriver.execute(RemoteWebDriver.java:554)
	at org.openqa.selenium.remote.RemoteWebDriver.findElement(RemoteWebDriver.java:307)
	at org.openqa.selenium.remote.RemoteWebDriver.findElementByXPath(RemoteWebDriver.java:404)
	at org.openqa.selenium.By$ByXPath.findElement(By.java:363)
	at org.openqa.selenium.remote.RemoteWebDriver.findElement(RemoteWebDriver.java:299)
	at hub.library.FunctionReference.isElementVisible(FunctionReference.java:400)
	at hub.library.FunctionReference.waitForElementVisible(FunctionReference.java:411)
	at hub.utilities.RegressionSuiteUtil.UserRegressionSuiteUtil.Login_Successful_login(UserRegressionSuiteUtil.java:520)
	at hub.utilities.RegressionSuiteUtil.UserRegressionSuiteUtil.MyAccount_Field_Label(UserRegressionSuiteUtil.java:642)
	at hub.test.RegressionSuite.UserMyAccount.RT_02517_MyAccount_Field_Label(UserMyAccount.java:55)
	at sun.reflect.NativeMethodAccessorImpl.invoke0(Native Method)
	at sun.reflect.NativeMethodAccessorImpl.invoke(NativeMethodAccessorImpl.java:57)
	at sun.reflect.DelegatingMethodAccessorImpl.invoke(DelegatingMethodAccessorImpl.java:43)
	at java.lang.reflect.Method.invoke(Method.java:601)
	at org.testng.internal.MethodInvocationHelper.invokeMethod(MethodInvocationHelper.java:84)
	at org.testng.internal.Invoker.invokeMethod(Invoker.java:714)
	at org.testng.internal.Invoker.invokeTestMethod(Invoker.java:901)
	at org.testng.internal.Invoker.invokeTestMethods(Invoker.java:1231)
	at org.testng.internal.TestMethodWorker.invokeTestMethods(TestMethodWorker.java:127)
	at org.testng.internal.TestMethodWorker.run(TestMethodWorker.java:111)
	at org.testng.TestRunner.privateRun(TestRunner.java:767)
	at org.testng.TestRunner.run(TestRunner.java:617)
	at org.testng.SuiteRunner.runTest(SuiteRunner.java:335)
	at org.testng.SuiteRunner.runSequentially(SuiteRunner.java:330)
	at org.testng.SuiteRunner.privateRun(SuiteRunner.java:291)
	at org.testng.SuiteRunner.run(SuiteRunner.java:240)
	at org.testng.SuiteRunnerWorker.runSuite(SuiteRunnerWorker.java:52)
	at org.testng.SuiteRunnerWorker.run(SuiteRunnerWorker.java:86)
	at org.testng.TestNG.runSuitesSequentially(TestNG.java:1224)
	at org.testng.TestNG.runSuitesLocally(TestNG.java:1149)
	at org.testng.TestNG.run(TestNG.java:1057)
	at org.testng.remote.RemoteTestNG.run(RemoteTestNG.java:111)
	at org.testng.remote.RemoteTestNG.initAndRun(RemoteTestNG.java:204)
	at org.testng.remote.RemoteTestNG.main(RemoteTestNG.java:175)
Caused by: org.openqa.selenium.remote.ErrorHandler$UnknownServerException: Unable to locate element: {"method":"xpath","selector":"//*[@id='hubSearchAddress']"}
Build info: version: '2.38.0', revision: 'bd32d4e7247a32d801b3d2d4f84a4e7384300378', time: '2013-12-05 09:01:37'
System info: host: 'Skylark.local', ip: '10.0.10.170', os.name: 'Mac OS X', os.arch: 'x86_64', os.version: '10.9.2', java.version: '1.7.0_04'
Driver info: driver.version: unknown
	at <anonymous class>.FirefoxDriver.prototype.findElementInternal_(file:///var/folders/m3/yp5nzb1x7ws0r04q712pqj3w0000gp/T/anonymous8763245546447498088webdriver-profile/extensions/fxdriver@googlecode.com/components/driver_component.js:8860:133)
	at <anonymous class>.FirefoxDriver.prototype.findElement(file:///var/folders/m3/yp5nzb1x7ws0r04q712pqj3w0000gp/T/anonymous8763245546447498088webdriver-profile/extensions/fxdriver@googlecode.com/components/driver_component.js:8869:3)
	at <anonymous class>.DelayedCommand.prototype.executeInternal_/h(file:///var/folders/m3/yp5nzb1x7ws0r04q712pqj3w0000gp/T/anonymous8763245546447498088webdriver-profile/extensions/fxdriver@googlecode.com/components/command_processor.js:10831:16)
	at <anonymous class>.DelayedCommand.prototype.executeInternal_(file:///var/folders/m3/yp5nzb1x7ws0r04q712pqj3w0000gp/T/anonymous8763245546447498088webdriver-profile/extensions/fxdriver@googlecode.com/components/command_processor.js:10836:7)
	at <anonymous class>.DelayedCommand.prototype.execute/<(file:///var/folders/m3/yp5nzb1x7ws0r04q712pqj3w0000gp/T/anonymous8763245546447498088webdriver-profile/extensions/fxdriver@googlecode.com/components/command_processor.js:10778:5)
]]>
    </failure>
  </testcase> <!-- RT_02517_MyAccount_Field_Label -->
  <testcase name="RT_04435_MyAccount_BranchIDvalidation" time="5.089" classname="hub.test.RegressionSuite.UserMyAccount"/>
  <testcase name="RT_02528_Blank_FirstLast_position" time="31.887" classname="hub.test.RegressionSuite.UserMyAccount">
    <failure type="org.openqa.selenium.NoSuchElementException" message="Unable to locate element: {&quot;method&quot;:&quot;xpath&quot;,&quot;selector&quot;:&quot;//*[@id=&#039;hubSearchAddress&#039;]&quot;}
Command duration or timeout: 10 milliseconds
For documentation on this error, please visit: http://seleniumhq.org/exceptions/no_such_element.html
Build info: version: &#039;2.38.0&#039;, revision: &#039;bd32d4e7247a32d801b3d2d4f84a4e7384300378&#039;, time: &#039;2013-12-05 09:01:37&#039;
System info: host: &#039;Skylark.local&#039;, ip: &#039;10.0.10.170&#039;, os.name: &#039;Mac OS X&#039;, os.arch: &#039;x86_64&#039;, os.version: &#039;10.9.2&#039;, java.version: &#039;1.7.0_04&#039;
Session ID: daf3e63f-259d-bd40-a9b4-ce0bc27477d1
Driver info: org.openqa.selenium.firefox.FirefoxDriver
Capabilities [{platform=MAC, acceptSslCerts=true, javascriptEnabled=true, browserName=firefox, rotatable=false, locationContextEnabled=true, version=31.0, cssSelectorsEnabled=true, databaseEnabled=true, handlesAlerts=true, nativeEvents=false, webStorageEnabled=true, applicationCacheEnabled=true, takesScreenshot=true}]">
      <![CDATA[org.openqa.selenium.NoSuchElementException: Unable to locate element: {"method":"xpath","selector":"//*[@id='hubSearchAddress']"}
Command duration or timeout: 10 milliseconds
For documentation on this error, please visit: http://seleniumhq.org/exceptions/no_such_element.html
Build info: version: '2.38.0', revision: 'bd32d4e7247a32d801b3d2d4f84a4e7384300378', time: '2013-12-05 09:01:37'
System info: host: 'Skylark.local', ip: '10.0.10.170', os.name: 'Mac OS X', os.arch: 'x86_64', os.version: '10.9.2', java.version: '1.7.0_04'
Session ID: daf3e63f-259d-bd40-a9b4-ce0bc27477d1
Driver info: org.openqa.selenium.firefox.FirefoxDriver
Capabilities [{platform=MAC, acceptSslCerts=true, javascriptEnabled=true, browserName=firefox, rotatable=false, locationContextEnabled=true, version=31.0, cssSelectorsEnabled=true, databaseEnabled=true, handlesAlerts=true, nativeEvents=false, webStorageEnabled=true, applicationCacheEnabled=true, takesScreenshot=true}]
	at sun.reflect.GeneratedConstructorAccessor13.newInstance(Unknown Source)
	at sun.reflect.DelegatingConstructorAccessorImpl.newInstance(DelegatingConstructorAccessorImpl.java:45)
	at java.lang.reflect.Constructor.newInstance(Constructor.java:525)
	at org.openqa.selenium.remote.ErrorHandler.createThrowable(ErrorHandler.java:193)
	at org.openqa.selenium.remote.ErrorHandler.throwIfResponseFailed(ErrorHandler.java:145)
	at org.openqa.selenium.remote.RemoteWebDriver.execute(RemoteWebDriver.java:554)
	at org.openqa.selenium.remote.RemoteWebDriver.findElement(RemoteWebDriver.java:307)
	at org.openqa.selenium.remote.RemoteWebDriver.findElementByXPath(RemoteWebDriver.java:404)
	at org.openqa.selenium.By$ByXPath.findElement(By.java:363)
	at org.openqa.selenium.remote.RemoteWebDriver.findElement(RemoteWebDriver.java:299)
	at hub.library.FunctionReference.isElementVisible(FunctionReference.java:400)
	at hub.library.FunctionReference.waitForElementVisible(FunctionReference.java:411)
	at hub.utilities.RegressionSuiteUtil.UserRegressionSuiteUtil.Login_Successful_login(UserRegressionSuiteUtil.java:520)
	at hub.utilities.RegressionSuiteUtil.UserRegressionSuiteUtil.Blank_FirstLast_position(UserRegressionSuiteUtil.java:673)
	at hub.test.RegressionSuite.UserMyAccount.RT_02528_Blank_FirstLast_position(UserMyAccount.java:64)
	at sun.reflect.NativeMethodAccessorImpl.invoke0(Native Method)
	at sun.reflect.NativeMethodAccessorImpl.invoke(NativeMethodAccessorImpl.java:57)
	at sun.reflect.DelegatingMethodAccessorImpl.invoke(DelegatingMethodAccessorImpl.java:43)
	at java.lang.reflect.Method.invoke(Method.java:601)
	at org.testng.internal.MethodInvocationHelper.invokeMethod(MethodInvocationHelper.java:84)
	at org.testng.internal.Invoker.invokeMethod(Invoker.java:714)
	at org.testng.internal.Invoker.invokeTestMethod(Invoker.java:901)
	at org.testng.internal.Invoker.invokeTestMethods(Invoker.java:1231)
	at org.testng.internal.TestMethodWorker.invokeTestMethods(TestMethodWorker.java:127)
	at org.testng.internal.TestMethodWorker.run(TestMethodWorker.java:111)
	at org.testng.TestRunner.privateRun(TestRunner.java:767)
	at org.testng.TestRunner.run(TestRunner.java:617)
	at org.testng.SuiteRunner.runTest(SuiteRunner.java:335)
	at org.testng.SuiteRunner.runSequentially(SuiteRunner.java:330)
	at org.testng.SuiteRunner.privateRun(SuiteRunner.java:291)
	at org.testng.SuiteRunner.run(SuiteRunner.java:240)
	at org.testng.SuiteRunnerWorker.runSuite(SuiteRunnerWorker.java:52)
	at org.testng.SuiteRunnerWorker.run(SuiteRunnerWorker.java:86)
	at org.testng.TestNG.runSuitesSequentially(TestNG.java:1224)
	at org.testng.TestNG.runSuitesLocally(TestNG.java:1149)
	at org.testng.TestNG.run(TestNG.java:1057)
	at org.testng.remote.RemoteTestNG.run(RemoteTestNG.java:111)
	at org.testng.remote.RemoteTestNG.initAndRun(RemoteTestNG.java:204)
	at org.testng.remote.RemoteTestNG.main(RemoteTestNG.java:175)
Caused by: org.openqa.selenium.remote.ErrorHandler$UnknownServerException: Unable to locate element: {"method":"xpath","selector":"//*[@id='hubSearchAddress']"}
Build info: version: '2.38.0', revision: 'bd32d4e7247a32d801b3d2d4f84a4e7384300378', time: '2013-12-05 09:01:37'
System info: host: 'Skylark.local', ip: '10.0.10.170', os.name: 'Mac OS X', os.arch: 'x86_64', os.version: '10.9.2', java.version: '1.7.0_04'
Driver info: driver.version: unknown
	at <anonymous class>.FirefoxDriver.prototype.findElementInternal_(file:///var/folders/m3/yp5nzb1x7ws0r04q712pqj3w0000gp/T/anonymous8763245546447498088webdriver-profile/extensions/fxdriver@googlecode.com/components/driver_component.js:8860:133)
	at <anonymous class>.FirefoxDriver.prototype.findElement(file:///var/folders/m3/yp5nzb1x7ws0r04q712pqj3w0000gp/T/anonymous8763245546447498088webdriver-profile/extensions/fxdriver@googlecode.com/components/driver_component.js:8869:3)
	at <anonymous class>.DelayedCommand.prototype.executeInternal_/h(file:///var/folders/m3/yp5nzb1x7ws0r04q712pqj3w0000gp/T/anonymous8763245546447498088webdriver-profile/extensions/fxdriver@googlecode.com/components/command_processor.js:10831:16)
	at <anonymous class>.DelayedCommand.prototype.executeInternal_(file:///var/folders/m3/yp5nzb1x7ws0r04q712pqj3w0000gp/T/anonymous8763245546447498088webdriver-profile/extensions/fxdriver@googlecode.com/components/command_processor.js:10836:7)
	at <anonymous class>.DelayedCommand.prototype.execute/<(file:///var/folders/m3/yp5nzb1x7ws0r04q712pqj3w0000gp/T/anonymous8763245546447498088webdriver-profile/extensions/fxdriver@googlecode.com/components/command_processor.js:10778:5)
]]>
    </failure>
  </testcase> <!-- RT_02528_Blank_FirstLast_position -->
  <testcase name="RT_02529_MyAccount_Unable_To_Save_Twice" time="2.684" classname="hub.test.RegressionSuite.UserMyAccount"/>
  <testcase name="RT_02546_Previous_Username_Can_Be_Use" time="7.047" classname="hub.test.RegressionSuite.UserMyAccount"/>
  <testcase name="RT_02527_Cancel_button_validation" time="31.758" classname="hub.test.RegressionSuite.UserMyAccount">
    <failure type="org.openqa.selenium.NoSuchElementException" message="Unable to locate element: {&quot;method&quot;:&quot;xpath&quot;,&quot;selector&quot;:&quot;//*[@id=&#039;hubSearchAddress&#039;]&quot;}
Command duration or timeout: 14 milliseconds
For documentation on this error, please visit: http://seleniumhq.org/exceptions/no_such_element.html
Build info: version: &#039;2.38.0&#039;, revision: &#039;bd32d4e7247a32d801b3d2d4f84a4e7384300378&#039;, time: &#039;2013-12-05 09:01:37&#039;
System info: host: &#039;Skylark.local&#039;, ip: &#039;10.0.10.170&#039;, os.name: &#039;Mac OS X&#039;, os.arch: &#039;x86_64&#039;, os.version: &#039;10.9.2&#039;, java.version: &#039;1.7.0_04&#039;
Session ID: daf3e63f-259d-bd40-a9b4-ce0bc27477d1
Driver info: org.openqa.selenium.firefox.FirefoxDriver
Capabilities [{platform=MAC, acceptSslCerts=true, javascriptEnabled=true, browserName=firefox, rotatable=false, locationContextEnabled=true, version=31.0, cssSelectorsEnabled=true, databaseEnabled=true, handlesAlerts=true, nativeEvents=false, webStorageEnabled=true, applicationCacheEnabled=true, takesScreenshot=true}]">
      <![CDATA[org.openqa.selenium.NoSuchElementException: Unable to locate element: {"method":"xpath","selector":"//*[@id='hubSearchAddress']"}
Command duration or timeout: 14 milliseconds
For documentation on this error, please visit: http://seleniumhq.org/exceptions/no_such_element.html
Build info: version: '2.38.0', revision: 'bd32d4e7247a32d801b3d2d4f84a4e7384300378', time: '2013-12-05 09:01:37'
System info: host: 'Skylark.local', ip: '10.0.10.170', os.name: 'Mac OS X', os.arch: 'x86_64', os.version: '10.9.2', java.version: '1.7.0_04'
Session ID: daf3e63f-259d-bd40-a9b4-ce0bc27477d1
Driver info: org.openqa.selenium.firefox.FirefoxDriver
Capabilities [{platform=MAC, acceptSslCerts=true, javascriptEnabled=true, browserName=firefox, rotatable=false, locationContextEnabled=true, version=31.0, cssSelectorsEnabled=true, databaseEnabled=true, handlesAlerts=true, nativeEvents=false, webStorageEnabled=true, applicationCacheEnabled=true, takesScreenshot=true}]
	at sun.reflect.GeneratedConstructorAccessor13.newInstance(Unknown Source)
	at sun.reflect.DelegatingConstructorAccessorImpl.newInstance(DelegatingConstructorAccessorImpl.java:45)
	at java.lang.reflect.Constructor.newInstance(Constructor.java:525)
	at org.openqa.selenium.remote.ErrorHandler.createThrowable(ErrorHandler.java:193)
	at org.openqa.selenium.remote.ErrorHandler.throwIfResponseFailed(ErrorHandler.java:145)
	at org.openqa.selenium.remote.RemoteWebDriver.execute(RemoteWebDriver.java:554)
	at org.openqa.selenium.remote.RemoteWebDriver.findElement(RemoteWebDriver.java:307)
	at org.openqa.selenium.remote.RemoteWebDriver.findElementByXPath(RemoteWebDriver.java:404)
	at org.openqa.selenium.By$ByXPath.findElement(By.java:363)
	at org.openqa.selenium.remote.RemoteWebDriver.findElement(RemoteWebDriver.java:299)
	at hub.library.FunctionReference.isElementVisible(FunctionReference.java:400)
	at hub.library.FunctionReference.waitForElementVisible(FunctionReference.java:411)
	at hub.utilities.RegressionSuiteUtil.UserRegressionSuiteUtil.Login_Successful_login(UserRegressionSuiteUtil.java:520)
	at hub.utilities.RegressionSuiteUtil.UserRegressionSuiteUtil.Cancel_button_validation(UserRegressionSuiteUtil.java:559)
	at hub.test.RegressionSuite.UserMyAccount.RT_02527_Cancel_button_validation(UserMyAccount.java:39)
	at sun.reflect.NativeMethodAccessorImpl.invoke0(Native Method)
	at sun.reflect.NativeMethodAccessorImpl.invoke(NativeMethodAccessorImpl.java:57)
	at sun.reflect.DelegatingMethodAccessorImpl.invoke(DelegatingMethodAccessorImpl.java:43)
	at java.lang.reflect.Method.invoke(Method.java:601)
	at org.testng.internal.MethodInvocationHelper.invokeMethod(MethodInvocationHelper.java:84)
	at org.testng.internal.Invoker.invokeMethod(Invoker.java:714)
	at org.testng.internal.Invoker.invokeTestMethod(Invoker.java:901)
	at org.testng.internal.Invoker.invokeTestMethods(Invoker.java:1231)
	at org.testng.internal.TestMethodWorker.invokeTestMethods(TestMethodWorker.java:127)
	at org.testng.internal.TestMethodWorker.run(TestMethodWorker.java:111)
	at org.testng.TestRunner.privateRun(TestRunner.java:767)
	at org.testng.TestRunner.run(TestRunner.java:617)
	at org.testng.SuiteRunner.runTest(SuiteRunner.java:335)
	at org.testng.SuiteRunner.runSequentially(SuiteRunner.java:330)
	at org.testng.SuiteRunner.privateRun(SuiteRunner.java:291)
	at org.testng.SuiteRunner.run(SuiteRunner.java:240)
	at org.testng.SuiteRunnerWorker.runSuite(SuiteRunnerWorker.java:52)
	at org.testng.SuiteRunnerWorker.run(SuiteRunnerWorker.java:86)
	at org.testng.TestNG.runSuitesSequentially(TestNG.java:1224)
	at org.testng.TestNG.runSuitesLocally(TestNG.java:1149)
	at org.testng.TestNG.run(TestNG.java:1057)
	at org.testng.remote.RemoteTestNG.run(RemoteTestNG.java:111)
	at org.testng.remote.RemoteTestNG.initAndRun(RemoteTestNG.java:204)
	at org.testng.remote.RemoteTestNG.main(RemoteTestNG.java:175)
Caused by: org.openqa.selenium.remote.ErrorHandler$UnknownServerException: Unable to locate element: {"method":"xpath","selector":"//*[@id='hubSearchAddress']"}
Build info: version: '2.38.0', revision: 'bd32d4e7247a32d801b3d2d4f84a4e7384300378', time: '2013-12-05 09:01:37'
System info: host: 'Skylark.local', ip: '10.0.10.170', os.name: 'Mac OS X', os.arch: 'x86_64', os.version: '10.9.2', java.version: '1.7.0_04'
Driver info: driver.version: unknown
	at <anonymous class>.FirefoxDriver.prototype.findElementInternal_(file:///var/folders/m3/yp5nzb1x7ws0r04q712pqj3w0000gp/T/anonymous8763245546447498088webdriver-profile/extensions/fxdriver@googlecode.com/components/driver_component.js:8860:133)
	at <anonymous class>.FirefoxDriver.prototype.findElement(file:///var/folders/m3/yp5nzb1x7ws0r04q712pqj3w0000gp/T/anonymous8763245546447498088webdriver-profile/extensions/fxdriver@googlecode.com/components/driver_component.js:8869:3)
	at <anonymous class>.DelayedCommand.prototype.executeInternal_/h(file:///var/folders/m3/yp5nzb1x7ws0r04q712pqj3w0000gp/T/anonymous8763245546447498088webdriver-profile/extensions/fxdriver@googlecode.com/components/command_processor.js:10831:16)
	at <anonymous class>.DelayedCommand.prototype.executeInternal_(file:///var/folders/m3/yp5nzb1x7ws0r04q712pqj3w0000gp/T/anonymous8763245546447498088webdriver-profile/extensions/fxdriver@googlecode.com/components/command_processor.js:10836:7)
	at <anonymous class>.DelayedCommand.prototype.execute/<(file:///var/folders/m3/yp5nzb1x7ws0r04q712pqj3w0000gp/T/anonymous8763245546447498088webdriver-profile/extensions/fxdriver@googlecode.com/components/command_processor.js:10778:5)
]]>
    </failure>
  </testcase> <!-- RT_02527_Cancel_button_validation -->
  <testcase name="RT_02518_MyAccount_EmailAddress_Suffix_Enabled" time="17.057" classname="hub.test.RegressionSuite.UserMyAccount"/>
  <testcase name="RT_02520_MyAccount_EmailAddress_Suffix_Disabled" time="5.072" classname="hub.test.RegressionSuite.UserMyAccount"/>
  <testcase name="RT_02901_MyAccount_SpecialChar_Validation" time="31.788" classname="hub.test.RegressionSuite.UserMyAccount">
    <failure type="org.openqa.selenium.NoSuchElementException" message="Unable to locate element: {&quot;method&quot;:&quot;xpath&quot;,&quot;selector&quot;:&quot;//*[@id=&#039;hubSearchAddress&#039;]&quot;}
Command duration or timeout: 11 milliseconds
For documentation on this error, please visit: http://seleniumhq.org/exceptions/no_such_element.html
Build info: version: &#039;2.38.0&#039;, revision: &#039;bd32d4e7247a32d801b3d2d4f84a4e7384300378&#039;, time: &#039;2013-12-05 09:01:37&#039;
System info: host: &#039;Skylark.local&#039;, ip: &#039;10.0.10.170&#039;, os.name: &#039;Mac OS X&#039;, os.arch: &#039;x86_64&#039;, os.version: &#039;10.9.2&#039;, java.version: &#039;1.7.0_04&#039;
Session ID: daf3e63f-259d-bd40-a9b4-ce0bc27477d1
Driver info: org.openqa.selenium.firefox.FirefoxDriver
Capabilities [{platform=MAC, acceptSslCerts=true, javascriptEnabled=true, browserName=firefox, rotatable=false, locationContextEnabled=true, version=31.0, cssSelectorsEnabled=true, databaseEnabled=true, handlesAlerts=true, nativeEvents=false, webStorageEnabled=true, applicationCacheEnabled=true, takesScreenshot=true}]">
      <![CDATA[org.openqa.selenium.NoSuchElementException: Unable to locate element: {"method":"xpath","selector":"//*[@id='hubSearchAddress']"}
Command duration or timeout: 11 milliseconds
For documentation on this error, please visit: http://seleniumhq.org/exceptions/no_such_element.html
Build info: version: '2.38.0', revision: 'bd32d4e7247a32d801b3d2d4f84a4e7384300378', time: '2013-12-05 09:01:37'
System info: host: 'Skylark.local', ip: '10.0.10.170', os.name: 'Mac OS X', os.arch: 'x86_64', os.version: '10.9.2', java.version: '1.7.0_04'
Session ID: daf3e63f-259d-bd40-a9b4-ce0bc27477d1
Driver info: org.openqa.selenium.firefox.FirefoxDriver
Capabilities [{platform=MAC, acceptSslCerts=true, javascriptEnabled=true, browserName=firefox, rotatable=false, locationContextEnabled=true, version=31.0, cssSelectorsEnabled=true, databaseEnabled=true, handlesAlerts=true, nativeEvents=false, webStorageEnabled=true, applicationCacheEnabled=true, takesScreenshot=true}]
	at sun.reflect.GeneratedConstructorAccessor13.newInstance(Unknown Source)
	at sun.reflect.DelegatingConstructorAccessorImpl.newInstance(DelegatingConstructorAccessorImpl.java:45)
	at java.lang.reflect.Constructor.newInstance(Constructor.java:525)
	at org.openqa.selenium.remote.ErrorHandler.createThrowable(ErrorHandler.java:193)
	at org.openqa.selenium.remote.ErrorHandler.throwIfResponseFailed(ErrorHandler.java:145)
	at org.openqa.selenium.remote.RemoteWebDriver.execute(RemoteWebDriver.java:554)
	at org.openqa.selenium.remote.RemoteWebDriver.findElement(RemoteWebDriver.java:307)
	at org.openqa.selenium.remote.RemoteWebDriver.findElementByXPath(RemoteWebDriver.java:404)
	at org.openqa.selenium.By$ByXPath.findElement(By.java:363)
	at org.openqa.selenium.remote.RemoteWebDriver.findElement(RemoteWebDriver.java:299)
	at hub.library.FunctionReference.isElementVisible(FunctionReference.java:400)
	at hub.library.FunctionReference.waitForElementVisible(FunctionReference.java:411)
	at hub.utilities.RegressionSuiteUtil.UserRegressionSuiteUtil.Login_Successful_login(UserRegressionSuiteUtil.java:520)
	at hub.utilities.RegressionSuiteUtil.UserRegressionSuiteUtil.MyAccount_SpecialChar_Validation(UserRegressionSuiteUtil.java:591)
	at hub.test.RegressionSuite.UserMyAccount.RT_02901_MyAccount_SpecialChar_Validation(UserMyAccount.java:47)
	at sun.reflect.NativeMethodAccessorImpl.invoke0(Native Method)
	at sun.reflect.NativeMethodAccessorImpl.invoke(NativeMethodAccessorImpl.java:57)
	at sun.reflect.DelegatingMethodAccessorImpl.invoke(DelegatingMethodAccessorImpl.java:43)
	at java.lang.reflect.Method.invoke(Method.java:601)
	at org.testng.internal.MethodInvocationHelper.invokeMethod(MethodInvocationHelper.java:84)
	at org.testng.internal.Invoker.invokeMethod(Invoker.java:714)
	at org.testng.internal.Invoker.invokeTestMethod(Invoker.java:901)
	at org.testng.internal.Invoker.invokeTestMethods(Invoker.java:1231)
	at org.testng.internal.TestMethodWorker.invokeTestMethods(TestMethodWorker.java:127)
	at org.testng.internal.TestMethodWorker.run(TestMethodWorker.java:111)
	at org.testng.TestRunner.privateRun(TestRunner.java:767)
	at org.testng.TestRunner.run(TestRunner.java:617)
	at org.testng.SuiteRunner.runTest(SuiteRunner.java:335)
	at org.testng.SuiteRunner.runSequentially(SuiteRunner.java:330)
	at org.testng.SuiteRunner.privateRun(SuiteRunner.java:291)
	at org.testng.SuiteRunner.run(SuiteRunner.java:240)
	at org.testng.SuiteRunnerWorker.runSuite(SuiteRunnerWorker.java:52)
	at org.testng.SuiteRunnerWorker.run(SuiteRunnerWorker.java:86)
	at org.testng.TestNG.runSuitesSequentially(TestNG.java:1224)
	at org.testng.TestNG.runSuitesLocally(TestNG.java:1149)
	at org.testng.TestNG.run(TestNG.java:1057)
	at org.testng.remote.RemoteTestNG.run(RemoteTestNG.java:111)
	at org.testng.remote.RemoteTestNG.initAndRun(RemoteTestNG.java:204)
	at org.testng.remote.RemoteTestNG.main(RemoteTestNG.java:175)
Caused by: org.openqa.selenium.remote.ErrorHandler$UnknownServerException: Unable to locate element: {"method":"xpath","selector":"//*[@id='hubSearchAddress']"}
Build info: version: '2.38.0', revision: 'bd32d4e7247a32d801b3d2d4f84a4e7384300378', time: '2013-12-05 09:01:37'
System info: host: 'Skylark.local', ip: '10.0.10.170', os.name: 'Mac OS X', os.arch: 'x86_64', os.version: '10.9.2', java.version: '1.7.0_04'
Driver info: driver.version: unknown
	at <anonymous class>.FirefoxDriver.prototype.findElementInternal_(file:///var/folders/m3/yp5nzb1x7ws0r04q712pqj3w0000gp/T/anonymous8763245546447498088webdriver-profile/extensions/fxdriver@googlecode.com/components/driver_component.js:8860:133)
	at <anonymous class>.FirefoxDriver.prototype.findElement(file:///var/folders/m3/yp5nzb1x7ws0r04q712pqj3w0000gp/T/anonymous8763245546447498088webdriver-profile/extensions/fxdriver@googlecode.com/components/driver_component.js:8869:3)
	at <anonymous class>.DelayedCommand.prototype.executeInternal_/h(file:///var/folders/m3/yp5nzb1x7ws0r04q712pqj3w0000gp/T/anonymous8763245546447498088webdriver-profile/extensions/fxdriver@googlecode.com/components/command_processor.js:10831:16)
	at <anonymous class>.DelayedCommand.prototype.executeInternal_(file:///var/folders/m3/yp5nzb1x7ws0r04q712pqj3w0000gp/T/anonymous8763245546447498088webdriver-profile/extensions/fxdriver@googlecode.com/components/command_processor.js:10836:7)
	at <anonymous class>.DelayedCommand.prototype.execute/<(file:///var/folders/m3/yp5nzb1x7ws0r04q712pqj3w0000gp/T/anonymous8763245546447498088webdriver-profile/extensions/fxdriver@googlecode.com/components/command_processor.js:10778:5)
]]>
    </failure>
  </testcase> <!-- RT_02901_MyAccount_SpecialChar_Validation -->
  <testcase name="RT_02708_MyAccount_Security_Validation" time="31.668" classname="hub.test.RegressionSuite.UserMyAccount">
    <failure type="org.openqa.selenium.NoSuchElementException" message="Unable to locate element: {&quot;method&quot;:&quot;xpath&quot;,&quot;selector&quot;:&quot;//*[@id=&#039;hubSearchAddress&#039;]&quot;}
Command duration or timeout: 11 milliseconds
For documentation on this error, please visit: http://seleniumhq.org/exceptions/no_such_element.html
Build info: version: &#039;2.38.0&#039;, revision: &#039;bd32d4e7247a32d801b3d2d4f84a4e7384300378&#039;, time: &#039;2013-12-05 09:01:37&#039;
System info: host: &#039;Skylark.local&#039;, ip: &#039;10.0.10.170&#039;, os.name: &#039;Mac OS X&#039;, os.arch: &#039;x86_64&#039;, os.version: &#039;10.9.2&#039;, java.version: &#039;1.7.0_04&#039;
Session ID: daf3e63f-259d-bd40-a9b4-ce0bc27477d1
Driver info: org.openqa.selenium.firefox.FirefoxDriver
Capabilities [{platform=MAC, acceptSslCerts=true, javascriptEnabled=true, browserName=firefox, rotatable=false, locationContextEnabled=true, version=31.0, cssSelectorsEnabled=true, databaseEnabled=true, handlesAlerts=true, nativeEvents=false, webStorageEnabled=true, applicationCacheEnabled=true, takesScreenshot=true}]">
      <![CDATA[org.openqa.selenium.NoSuchElementException: Unable to locate element: {"method":"xpath","selector":"//*[@id='hubSearchAddress']"}
Command duration or timeout: 11 milliseconds
For documentation on this error, please visit: http://seleniumhq.org/exceptions/no_such_element.html
Build info: version: '2.38.0', revision: 'bd32d4e7247a32d801b3d2d4f84a4e7384300378', time: '2013-12-05 09:01:37'
System info: host: 'Skylark.local', ip: '10.0.10.170', os.name: 'Mac OS X', os.arch: 'x86_64', os.version: '10.9.2', java.version: '1.7.0_04'
Session ID: daf3e63f-259d-bd40-a9b4-ce0bc27477d1
Driver info: org.openqa.selenium.firefox.FirefoxDriver
Capabilities [{platform=MAC, acceptSslCerts=true, javascriptEnabled=true, browserName=firefox, rotatable=false, locationContextEnabled=true, version=31.0, cssSelectorsEnabled=true, databaseEnabled=true, handlesAlerts=true, nativeEvents=false, webStorageEnabled=true, applicationCacheEnabled=true, takesScreenshot=true}]
	at sun.reflect.GeneratedConstructorAccessor13.newInstance(Unknown Source)
	at sun.reflect.DelegatingConstructorAccessorImpl.newInstance(DelegatingConstructorAccessorImpl.java:45)
	at java.lang.reflect.Constructor.newInstance(Constructor.java:525)
	at org.openqa.selenium.remote.ErrorHandler.createThrowable(ErrorHandler.java:193)
	at org.openqa.selenium.remote.ErrorHandler.throwIfResponseFailed(ErrorHandler.java:145)
	at org.openqa.selenium.remote.RemoteWebDriver.execute(RemoteWebDriver.java:554)
	at org.openqa.selenium.remote.RemoteWebDriver.findElement(RemoteWebDriver.java:307)
	at org.openqa.selenium.remote.RemoteWebDriver.findElementByXPath(RemoteWebDriver.java:404)
	at org.openqa.selenium.By$ByXPath.findElement(By.java:363)
	at org.openqa.selenium.remote.RemoteWebDriver.findElement(RemoteWebDriver.java:299)
	at hub.library.FunctionReference.isElementVisible(FunctionReference.java:400)
	at hub.library.FunctionReference.waitForElementVisible(FunctionReference.java:411)
	at hub.utilities.RegressionSuiteUtil.UserRegressionSuiteUtil.Login_Successful_login(UserRegressionSuiteUtil.java:520)
	at hub.utilities.RegressionSuiteUtil.UserRegressionSuiteUtil.MyAccount_Security_Validation(UserRegressionSuiteUtil.java:790)
	at hub.test.RegressionSuite.UserMyAccount.RT_02708_MyAccount_Security_Validation(UserMyAccount.java:80)
	at sun.reflect.NativeMethodAccessorImpl.invoke0(Native Method)
	at sun.reflect.NativeMethodAccessorImpl.invoke(NativeMethodAccessorImpl.java:57)
	at sun.reflect.DelegatingMethodAccessorImpl.invoke(DelegatingMethodAccessorImpl.java:43)
	at java.lang.reflect.Method.invoke(Method.java:601)
	at org.testng.internal.MethodInvocationHelper.invokeMethod(MethodInvocationHelper.java:84)
	at org.testng.internal.Invoker.invokeMethod(Invoker.java:714)
	at org.testng.internal.Invoker.invokeTestMethod(Invoker.java:901)
	at org.testng.internal.Invoker.invokeTestMethods(Invoker.java:1231)
	at org.testng.internal.TestMethodWorker.invokeTestMethods(TestMethodWorker.java:127)
	at org.testng.internal.TestMethodWorker.run(TestMethodWorker.java:111)
	at org.testng.TestRunner.privateRun(TestRunner.java:767)
	at org.testng.TestRunner.run(TestRunner.java:617)
	at org.testng.SuiteRunner.runTest(SuiteRunner.java:335)
	at org.testng.SuiteRunner.runSequentially(SuiteRunner.java:330)
	at org.testng.SuiteRunner.privateRun(SuiteRunner.java:291)
	at org.testng.SuiteRunner.run(SuiteRunner.java:240)
	at org.testng.SuiteRunnerWorker.runSuite(SuiteRunnerWorker.java:52)
	at org.testng.SuiteRunnerWorker.run(SuiteRunnerWorker.java:86)
	at org.testng.TestNG.runSuitesSequentially(TestNG.java:1224)
	at org.testng.TestNG.runSuitesLocally(TestNG.java:1149)
	at org.testng.TestNG.run(TestNG.java:1057)
	at org.testng.remote.RemoteTestNG.run(RemoteTestNG.java:111)
	at org.testng.remote.RemoteTestNG.initAndRun(RemoteTestNG.java:204)
	at org.testng.remote.RemoteTestNG.main(RemoteTestNG.java:175)
Caused by: org.openqa.selenium.remote.ErrorHandler$UnknownServerException: Unable to locate element: {"method":"xpath","selector":"//*[@id='hubSearchAddress']"}
Build info: version: '2.38.0', revision: 'bd32d4e7247a32d801b3d2d4f84a4e7384300378', time: '2013-12-05 09:01:37'
System info: host: 'Skylark.local', ip: '10.0.10.170', os.name: 'Mac OS X', os.arch: 'x86_64', os.version: '10.9.2', java.version: '1.7.0_04'
Driver info: driver.version: unknown
	at <anonymous class>.FirefoxDriver.prototype.findElementInternal_(file:///var/folders/m3/yp5nzb1x7ws0r04q712pqj3w0000gp/T/anonymous8763245546447498088webdriver-profile/extensions/fxdriver@googlecode.com/components/driver_component.js:8860:133)
	at <anonymous class>.FirefoxDriver.prototype.findElement(file:///var/folders/m3/yp5nzb1x7ws0r04q712pqj3w0000gp/T/anonymous8763245546447498088webdriver-profile/extensions/fxdriver@googlecode.com/components/driver_component.js:8869:3)
	at <anonymous class>.DelayedCommand.prototype.executeInternal_/h(file:///var/folders/m3/yp5nzb1x7ws0r04q712pqj3w0000gp/T/anonymous8763245546447498088webdriver-profile/extensions/fxdriver@googlecode.com/components/command_processor.js:10831:16)
	at <anonymous class>.DelayedCommand.prototype.executeInternal_(file:///var/folders/m3/yp5nzb1x7ws0r04q712pqj3w0000gp/T/anonymous8763245546447498088webdriver-profile/extensions/fxdriver@googlecode.com/components/command_processor.js:10836:7)
	at <anonymous class>.DelayedCommand.prototype.execute/<(file:///var/folders/m3/yp5nzb1x7ws0r04q712pqj3w0000gp/T/anonymous8763245546447498088webdriver-profile/extensions/fxdriver@googlecode.com/components/command_processor.js:10778:5)
]]>
    </failure>
  </testcase> <!-- RT_02708_MyAccount_Security_Validation -->
  <testcase name="RT_02522_MyAccount_EmailAddress_Suffix_Enabled_Invalid_message" time="10.218" classname="hub.test.RegressionSuite.UserMyAccount"/>
  <testcase name="RT_02547_MyAccount_Password_Validation" time="11.110" classname="hub.test.RegressionSuite.UserMyAccount"/>
  <testcase name="RT_02535_MyAccount_Navigation_CBALender" time="52.498" classname="hub.test.RegressionSuite.UserMyAccount"/>
  <testcase name="RT_02514_MyAccount_Required_Fields_Asterisk" time="31.667" classname="hub.test.RegressionSuite.UserMyAccount">
    <failure type="org.openqa.selenium.NoSuchElementException" message="Unable to locate element: {&quot;method&quot;:&quot;xpath&quot;,&quot;selector&quot;:&quot;//*[@id=&#039;hubSearchAddress&#039;]&quot;}
Command duration or timeout: 11 milliseconds
For documentation on this error, please visit: http://seleniumhq.org/exceptions/no_such_element.html
Build info: version: &#039;2.38.0&#039;, revision: &#039;bd32d4e7247a32d801b3d2d4f84a4e7384300378&#039;, time: &#039;2013-12-05 09:01:37&#039;
System info: host: &#039;Skylark.local&#039;, ip: &#039;10.0.10.170&#039;, os.name: &#039;Mac OS X&#039;, os.arch: &#039;x86_64&#039;, os.version: &#039;10.9.2&#039;, java.version: &#039;1.7.0_04&#039;
Session ID: daf3e63f-259d-bd40-a9b4-ce0bc27477d1
Driver info: org.openqa.selenium.firefox.FirefoxDriver
Capabilities [{platform=MAC, acceptSslCerts=true, javascriptEnabled=true, browserName=firefox, rotatable=false, locationContextEnabled=true, version=31.0, cssSelectorsEnabled=true, databaseEnabled=true, handlesAlerts=true, nativeEvents=false, webStorageEnabled=true, applicationCacheEnabled=true, takesScreenshot=true}]">
      <![CDATA[org.openqa.selenium.NoSuchElementException: Unable to locate element: {"method":"xpath","selector":"//*[@id='hubSearchAddress']"}
Command duration or timeout: 11 milliseconds
For documentation on this error, please visit: http://seleniumhq.org/exceptions/no_such_element.html
Build info: version: '2.38.0', revision: 'bd32d4e7247a32d801b3d2d4f84a4e7384300378', time: '2013-12-05 09:01:37'
System info: host: 'Skylark.local', ip: '10.0.10.170', os.name: 'Mac OS X', os.arch: 'x86_64', os.version: '10.9.2', java.version: '1.7.0_04'
Session ID: daf3e63f-259d-bd40-a9b4-ce0bc27477d1
Driver info: org.openqa.selenium.firefox.FirefoxDriver
Capabilities [{platform=MAC, acceptSslCerts=true, javascriptEnabled=true, browserName=firefox, rotatable=false, locationContextEnabled=true, version=31.0, cssSelectorsEnabled=true, databaseEnabled=true, handlesAlerts=true, nativeEvents=false, webStorageEnabled=true, applicationCacheEnabled=true, takesScreenshot=true}]
	at sun.reflect.GeneratedConstructorAccessor13.newInstance(Unknown Source)
	at sun.reflect.DelegatingConstructorAccessorImpl.newInstance(DelegatingConstructorAccessorImpl.java:45)
	at java.lang.reflect.Constructor.newInstance(Constructor.java:525)
	at org.openqa.selenium.remote.ErrorHandler.createThrowable(ErrorHandler.java:193)
	at org.openqa.selenium.remote.ErrorHandler.throwIfResponseFailed(ErrorHandler.java:145)
	at org.openqa.selenium.remote.RemoteWebDriver.execute(RemoteWebDriver.java:554)
	at org.openqa.selenium.remote.RemoteWebDriver.findElement(RemoteWebDriver.java:307)
	at org.openqa.selenium.remote.RemoteWebDriver.findElementByXPath(RemoteWebDriver.java:404)
	at org.openqa.selenium.By$ByXPath.findElement(By.java:363)
	at org.openqa.selenium.remote.RemoteWebDriver.findElement(RemoteWebDriver.java:299)
	at hub.library.FunctionReference.isElementVisible(FunctionReference.java:400)
	at hub.library.FunctionReference.waitForElementVisible(FunctionReference.java:411)
	at hub.utilities.RegressionSuiteUtil.UserRegressionSuiteUtil.Login_Successful_login(UserRegressionSuiteUtil.java:520)
	at hub.utilities.RegressionSuiteUtil.UserRegressionSuiteUtil.MyAccount_Required_Fields_Asterisk(UserRegressionSuiteUtil.java:709)
	at hub.test.RegressionSuite.UserMyAccount.RT_02514_MyAccount_Required_Fields_Asterisk(UserMyAccount.java:72)
	at sun.reflect.NativeMethodAccessorImpl.invoke0(Native Method)
	at sun.reflect.NativeMethodAccessorImpl.invoke(NativeMethodAccessorImpl.java:57)
	at sun.reflect.DelegatingMethodAccessorImpl.invoke(DelegatingMethodAccessorImpl.java:43)
	at java.lang.reflect.Method.invoke(Method.java:601)
	at org.testng.internal.MethodInvocationHelper.invokeMethod(MethodInvocationHelper.java:84)
	at org.testng.internal.Invoker.invokeMethod(Invoker.java:714)
	at org.testng.internal.Invoker.invokeTestMethod(Invoker.java:901)
	at org.testng.internal.Invoker.invokeTestMethods(Invoker.java:1231)
	at org.testng.internal.TestMethodWorker.invokeTestMethods(TestMethodWorker.java:127)
	at org.testng.internal.TestMethodWorker.run(TestMethodWorker.java:111)
	at org.testng.TestRunner.privateRun(TestRunner.java:767)
	at org.testng.TestRunner.run(TestRunner.java:617)
	at org.testng.SuiteRunner.runTest(SuiteRunner.java:335)
	at org.testng.SuiteRunner.runSequentially(SuiteRunner.java:330)
	at org.testng.SuiteRunner.privateRun(SuiteRunner.java:291)
	at org.testng.SuiteRunner.run(SuiteRunner.java:240)
	at org.testng.SuiteRunnerWorker.runSuite(SuiteRunnerWorker.java:52)
	at org.testng.SuiteRunnerWorker.run(SuiteRunnerWorker.java:86)
	at org.testng.TestNG.runSuitesSequentially(TestNG.java:1224)
	at org.testng.TestNG.runSuitesLocally(TestNG.java:1149)
	at org.testng.TestNG.run(TestNG.java:1057)
	at org.testng.remote.RemoteTestNG.run(RemoteTestNG.java:111)
	at org.testng.remote.RemoteTestNG.initAndRun(RemoteTestNG.java:204)
	at org.testng.remote.RemoteTestNG.main(RemoteTestNG.java:175)
Caused by: org.openqa.selenium.remote.ErrorHandler$UnknownServerException: Unable to locate element: {"method":"xpath","selector":"//*[@id='hubSearchAddress']"}
Build info: version: '2.38.0', revision: 'bd32d4e7247a32d801b3d2d4f84a4e7384300378', time: '2013-12-05 09:01:37'
System info: host: 'Skylark.local', ip: '10.0.10.170', os.name: 'Mac OS X', os.arch: 'x86_64', os.version: '10.9.2', java.version: '1.7.0_04'
Driver info: driver.version: unknown
	at <anonymous class>.FirefoxDriver.prototype.findElementInternal_(file:///var/folders/m3/yp5nzb1x7ws0r04q712pqj3w0000gp/T/anonymous8763245546447498088webdriver-profile/extensions/fxdriver@googlecode.com/components/driver_component.js:8860:133)
	at <anonymous class>.FirefoxDriver.prototype.findElement(file:///var/folders/m3/yp5nzb1x7ws0r04q712pqj3w0000gp/T/anonymous8763245546447498088webdriver-profile/extensions/fxdriver@googlecode.com/components/driver_component.js:8869:3)
	at <anonymous class>.DelayedCommand.prototype.executeInternal_/h(file:///var/folders/m3/yp5nzb1x7ws0r04q712pqj3w0000gp/T/anonymous8763245546447498088webdriver-profile/extensions/fxdriver@googlecode.com/components/command_processor.js:10831:16)
	at <anonymous class>.DelayedCommand.prototype.executeInternal_(file:///var/folders/m3/yp5nzb1x7ws0r04q712pqj3w0000gp/T/anonymous8763245546447498088webdriver-profile/extensions/fxdriver@googlecode.com/components/command_processor.js:10836:7)
	at <anonymous class>.DelayedCommand.prototype.execute/<(file:///var/folders/m3/yp5nzb1x7ws0r04q712pqj3w0000gp/T/anonymous8763245546447498088webdriver-profile/extensions/fxdriver@googlecode.com/components/command_processor.js:10778:5)
]]>
    </failure>
  </testcase> <!-- RT_02514_MyAccount_Required_Fields_Asterisk -->
  <testcase name="RT_02545_MyAccount_Duplicate_Username" time="5.297" classname="hub.test.RegressionSuite.UserMyAccount"/>
</testsuite> <!-- hub.test.RegressionSuite.UserMyAccount -->
