<?xml version="1.0" encoding="UTF-8"?>
<!-- Generated by org.testng.reporters.JUnitReportReporter -->
<testsuite hostname="Skylark.local" name="hub.test.RegressionSuite.UserLogin" tests="6" failures="0" timestamp="27 Aug 2014 06:02:39 GMT" time="31.204" errors="0">
  <testcase name="RT_2695_Login_Security" time="2.786" classname="hub.test.RegressionSuite.UserLogin"/>
  <testcase name="RT_2578_Login_Succesful_login" time="5.645" classname="hub.test.RegressionSuite.UserLogin"/>
  <testcase name="RT_02582_Login_Validation" time="6.190" classname="hub.test.RegressionSuite.UserLogin"/>
  <testcase name="RT_2569_Register_New_Account_Button" time="5.551" classname="hub.test.RegressionSuite.UserLogin"/>
  <testcase name="RT_05397_Link_Navigation" time="4.875" classname="hub.test.RegressionSuite.UserLogin"/>
  <testcase name="RT_05394_Login_Initial_Display" time="6.157" classname="hub.test.RegressionSuite.UserLogin"/>
</testsuite> <!-- hub.test.RegressionSuite.UserLogin -->
