<?xml version="1.0" encoding="UTF-8"?>
<!-- Generated by org.testng.reporters.JUnitReportReporter -->
<testsuite hostname="Crow.local" name="hub.test.LoadPropertySearchTest" tests="1" failures="0" timestamp="28 Jan 2014 08:31:14 GMT" time="2568.073" errors="0">
  <testcase name="testDbTracker" time="2568.073" classname="hub.test.LoadPropertySearchTest"/>
</testsuite> <!-- hub.test.LoadPropertySearchTest -->
